Log file open, 12/30/16 21:51:03
LogInit:Display: Running engine for game: Stratagema2
LogPlatformFile: Not using cached read wrapper
LogInit:Display: RandInit(1257357654) SRandInit(1257357712).
LogTaskGraph: Started task graph with 4 named threads and 7 total threads with 1 sets of task threads.
LogStats: Stats thread started at 0.333868
LogInit: Version: 4.12.5-3039270+++UE4+Release-4.12
LogInit: API Version: 2992821
LogInit: Net Version: 3039270
LogDevObjectVersion: Number of dev versions registered: 13
LogDevObjectVersion:   Dev-Blueprints (B0D832E4-1F89-4F0D-ACCF-7EB736FD4AA2): 3
LogDevObjectVersion:   Dev-Build (E1C64328-A22C-4D53-A36C-8E866417BD8C): 0
LogDevObjectVersion:   Dev-Core (375EC13C-06E4-48FB-B500-84F0262A717E): 1
LogDevObjectVersion:   Dev-Editor (E4B068ED-F494-42E9-A231-DA0B2E46BB41): 2
LogDevObjectVersion:   Dev-Framework (CFFC743F-43B0-4480-9391-14DF171D2073): 6
LogDevObjectVersion:   Dev-Mobile (B02B49B5-BB20-44E9-A304-32B752E40360): 0
LogDevObjectVersion:   Dev-Networking (A4E4105C-59A1-49B5-A7C5-40C4547EDFEE): 0
LogDevObjectVersion:   Dev-Online (39C831C9-5AE6-47DC-9A44-9C173E1C8E7C): 0
LogDevObjectVersion:   Dev-Physics (78F01B33-EBEA-4F98-B9B4-84EACCB95AA2): 0
LogDevObjectVersion:   Dev-Platform (6631380F-2D4D-43E0-8009-CF276956A95A): 0
LogDevObjectVersion:   Dev-Rendering (12F88B9F-8875-4AFC-A67C-D90C383ABD29): 2
LogDevObjectVersion:   Dev-Sequencer (7B5AE74C-D270-4C10-A958-57980B212A5A): 0
LogDevObjectVersion:   Dev-VR (D7296918-1DD6-4BDD-9DE2-64A83CC13884): 0
LogInit: Compiled (64-bit): Jul  6 2016 09:09:46
LogInit: Compiled with Visual C++: 19.00.23026.00
LogInit: Build Configuration: Development
LogInit: Branch Name: ++UE4+Release-4.12
LogInit: Command line:  
LogInit: Base directory: D:/Programs/UE4/Epic Games/4.12/Engine/Binaries/Win64/
LogInit: Installed Engine Build: 1
LogInit: Using libcurl 7.41.0
LogInit:  - built for x86_64-pc-win32
LogInit:  - supports SSL with WinSSL
LogInit:  - other features:
LogInit:      CURL_VERSION_SSL
LogInit:      CURL_VERSION_IPV6
LogInit:      CURL_VERSION_ASYNCHDNS
LogInit:      CURL_VERSION_LARGEFILE
LogInit:      CURL_VERSION_IDN
LogInit:  CurlRequestOptions (configurable via config and command line):
LogInit:  - bVerifyPeer = true  - Libcurl will verify peer certificate
LogInit:  - bUseHttpProxy = false  - Libcurl will NOT use HTTP proxy
LogInit:  - bDontReuseConnections = false  - Libcurl will reuse connections
LogInit:  - CertBundlePath = nullptr  - Libcurl will use whatever was configured at build time.
LogOnline:Display: STEAM: Loading Steam SDK 1.32
LogOnline:Warning: STEAM: Steam API disabled!
LogOnline:Display: STEAM: OnlineSubsystemSteam::Shutdown()
LogInit: WinSock: version 1.1 (2.2), MaxSocks=32767, MaxUdp=65467
LogVoice:Warning: Failed to initialize voice interface
LogInit: Presizing for max 8388607 objects, including 0 objects not considered by GC, pre-allocating 0 bytes for permanent pool.
LogInit: Object subsystem initialized
[2016.12.30-21.51.03:820][  0]LogInit: Selected Device Profile: [Windows]
[2016.12.30-21.51.03:820][  0]LogInit: Applying CVar settings loaded from the selected device profile: [Windows]
[2016.12.30-21.51.03:837][  0]LogInit: Computer: WORK
[2016.12.30-21.51.03:837][  0]LogInit: User: SpencerRossAustin
[2016.12.30-21.51.03:837][  0]LogInit: CPU Page size=65536, Cores=4
[2016.12.30-21.51.03:837][  0]LogInit: High frequency timer resolution =3.897827 MHz
[2016.12.30-21.51.03:838][  0]LogMemory: Memory total: Physical=16.0GB (16GB approx)
[2016.12.30-21.51.03:838][  0]LogMemory: Platform Memory Stats for Windows
[2016.12.30-21.51.03:838][  0]LogMemory: Process Physical Memory: 192.40 MB used, 192.40 MB peak
[2016.12.30-21.51.03:838][  0]LogMemory: Process Virtual Memory: 195.54 MB used, 195.54 MB peak
[2016.12.30-21.51.03:838][  0]LogMemory: Physical Memory: 7510.73 MB used, 16341.69 MB total
[2016.12.30-21.51.03:838][  0]LogMemory: Virtual Memory: 542.74 MB used, 134217728.00 MB total
[2016.12.30-21.51.03:883][  0]LogTextLocalizationManager: No specific translations for ('en-GB') exist, so ('en') translations will be used.
[2016.12.30-21.51.04:523][  0]LogD3D11RHI: D3D11 adapters:
[2016.12.30-21.51.04:567][  0]LogD3D11RHI:    0. 'NVIDIA GeForce GTX 550 Ti' (Feature Level 11_0)
[2016.12.30-21.51.04:567][  0]LogD3D11RHI:       977/0/8170 MB DedicatedVideo/DedicatedSystem/SharedSystem, Outputs:2, VendorId:0x10de
[2016.12.30-21.51.04:618][  0]LogD3D11RHI:    1. 'NVIDIA GeForce GTX 550 Ti' (Feature Level 11_0)
[2016.12.30-21.51.04:618][  0]LogD3D11RHI:       977/0/8170 MB DedicatedVideo/DedicatedSystem/SharedSystem, Outputs:2, VendorId:0x10de
[2016.12.30-21.51.04:620][  0]LogD3D11RHI:    2. 'Microsoft Basic Render Driver' (Feature Level 11_0)
[2016.12.30-21.51.04:620][  0]LogD3D11RHI:       0/0/8170 MB DedicatedVideo/DedicatedSystem/SharedSystem, Outputs:0, VendorId:0x1414
[2016.12.30-21.51.04:620][  0]LogD3D11RHI: Chosen D3D11 Adapter: 0
[2016.12.30-21.51.04:631][  0]LogD3D11RHI: Creating new Direct3DDevice
[2016.12.30-21.51.04:631][  0]LogD3D11RHI:     GPU DeviceId: 0x1244 (for the marketing name, search the web for "GPU Device Id")
[2016.12.30-21.51.04:631][  0]LogWindows: EnumDisplayDevices:
[2016.12.30-21.51.04:631][  0]LogWindows:    0. 'NVIDIA GeForce GTX 550 Ti' (P:1 D:1)
[2016.12.30-21.51.04:632][  0]LogWindows:    1. 'NVIDIA GeForce GTX 550 Ti' (P:0 D:1)
[2016.12.30-21.51.04:632][  0]LogWindows:    2. 'NVIDIA GeForce GTX 550 Ti' (P:0 D:1)
[2016.12.30-21.51.04:633][  0]LogWindows:    3. 'NVIDIA GeForce GTX 550 Ti' (P:0 D:1)
[2016.12.30-21.51.04:634][  0]LogWindows: DebugString: FoundDriverCount:4 
[2016.12.30-21.51.04:634][  0]LogD3D11RHI:     Adapter Name: NVIDIA GeForce GTX 550 Ti
[2016.12.30-21.51.04:634][  0]LogD3D11RHI:   Driver Version: 369.09 (internal:21.21.13.6909, unified:369.09)
[2016.12.30-21.51.04:634][  0]LogD3D11RHI:      Driver Date: 8-1-2016
[2016.12.30-21.51.04:634][  0]LogRHI: Texture pool is 684 MB (70% of 977 MB)
[2016.12.30-21.51.04:657][  0]LogD3D11RHI: Async texture creation enabled
[2016.12.30-21.51.04:672][  0]LogD3D11RHI: GPU Timing Frequency: 1000.000000 (Debug: 2 1)
[2016.12.30-21.51.04:673][  0]LogShaderCompilers: Guid format shader working directory is -19 characters bigger than the processId version (../../../../../../../SkyDrive/Pen Drive/Games/Stratagema/Stratagema/Intermediate/Shaders/WorkingDirectory/15636/).
[2016.12.30-21.51.04:673][  0]LogShaderCompilers: Cleaned the shader compiler working directory 'C:/Users/SPENCE~1/AppData/Local/Temp/UnrealShaderWorkingDir/6F48641D48029DA03F639C812ED858D3/'.
[2016.12.30-21.51.04:673][  0]LogShaderCompilers:Display: Using Local Shader Compiler.
[2016.12.30-21.51.06:423][  0]LogTemp:Display: Loaded TP AllDesktopTargetPlatform
[2016.12.30-21.51.06:440][  0]LogTemp:Display: Loaded TP WindowsClientTargetPlatform
[2016.12.30-21.51.06:458][  0]LogTemp:Display: Loaded TP WindowsNoEditorTargetPlatform
[2016.12.30-21.51.06:476][  0]LogTemp:Display: Loaded TP WindowsServerTargetPlatform
[2016.12.30-21.51.06:491][  0]LogTemp:Display: Loaded TP WindowsTargetPlatform
[2016.12.30-21.51.06:505][  0]LogTemp:Display: Loaded TP AndroidTargetPlatform
[2016.12.30-21.51.06:519][  0]LogTemp:Display: Loaded TP Android_ASTCTargetPlatform
[2016.12.30-21.51.06:533][  0]LogTemp:Display: Loaded TP Android_ATCTargetPlatform
[2016.12.30-21.51.06:547][  0]LogTemp:Display: Loaded TP Android_DXTTargetPlatform
[2016.12.30-21.51.06:561][  0]LogTemp:Display: Loaded TP Android_ETC1TargetPlatform
[2016.12.30-21.51.06:576][  0]LogTemp:Display: Loaded TP Android_ETC2TargetPlatform
[2016.12.30-21.51.06:607][  0]LogTemp:Display: Loaded TP Android_MultiTargetPlatform
[2016.12.30-21.51.06:607][  0]LogTemp:Display: Loaded TP Android_PVRTCTargetPlatform
[2016.12.30-21.51.06:608][  0]LogTemp:Display: Loaded TP HTML5TargetPlatform
[2016.12.30-21.51.06:639][  0]LogTemp:Display: Loaded TP IOSTargetPlatform
[2016.12.30-21.51.06:655][  0]LogTemp:Display: Loaded TP TVOSTargetPlatform
[2016.12.30-21.51.06:671][  0]LogTemp:Display: Loaded TP LinuxNoEditorTargetPlatform
[2016.12.30-21.51.06:686][  0]LogTemp:Display: Loaded TP LinuxServerTargetPlatform
[2016.12.30-21.51.06:705][  0]LogTemp:Display: Loaded TP LinuxTargetPlatform
[2016.12.30-21.51.06:705][  0]LogTargetPlatformManager:Display: Building Assets For Windows
[2016.12.30-21.51.06:829][  0]LogDerivedDataCache:Display: Max Cache Size: 512 MB
[2016.12.30-21.51.06:930][  0]LogDerivedDataCache: Loaded boot cache 0.10s 48MB C:/Users/Spencer Ross Austin/AppData/Local/UnrealEngine/4.12/DerivedDataCache/Boot.ddc.
[2016.12.30-21.51.06:931][  0]LogDerivedDataCache:Display: Loaded Boot cache: C:/Users/Spencer Ross Austin/AppData/Local/UnrealEngine/4.12/DerivedDataCache/Boot.ddc
[2016.12.30-21.51.06:931][  0]LogDerivedDataCache: FDerivedDataBackendGraph:  Pak pak cache file ../../../../../../../SkyDrive/Pen Drive/Games/Stratagema/Stratagema/DerivedDataCache/DDC.ddp not found, will not use a pak cache.
[2016.12.30-21.51.06:931][  0]LogDerivedDataCache: Unable to find inner node Pak for hierarchical cache Hierarchy.
[2016.12.30-21.51.06:931][  0]LogDerivedDataCache: FDerivedDataBackendGraph:  CompressedPak pak cache file ../../../../../../../SkyDrive/Pen Drive/Games/Stratagema/Stratagema/DerivedDataCache/Compressed.ddp not found, will not use a pak cache.
[2016.12.30-21.51.06:931][  0]LogDerivedDataCache: Unable to find inner node CompressedPak for hierarchical cache Hierarchy.
[2016.12.30-21.51.06:970][  0]LogDerivedDataCache:Display: Pak cache opened for reading ../../../Engine/DerivedDataCache/Compressed.ddp.
[2016.12.30-21.51.06:983][  0]LogDerivedDataCache: Using Local data cache path C:/Users/Spencer Ross Austin/AppData/Local/UnrealEngine/Common/DerivedDataCache: Writable
[2016.12.30-21.51.07:291][  0]LogInit: Selected Device Profile: [Windows]
[2016.12.30-21.51.07:293][  0]LogContentStreaming: Texture pool size is 0.00 MB
[2016.12.30-21.51.07:532][  0]LogMeshUtilities: No automatic mesh reduction module available
[2016.12.30-21.51.07:532][  0]LogMeshUtilities: No automatic mesh merging module available
[2016.12.30-21.51.07:532][  0]LogMeshUtilities: No distributed automatic mesh merging module available
[2016.12.30-21.51.07:894][  0]LogAssetRegistry: FAssetRegistry took 0.0214 seconds to start up
[2016.12.30-21.51.07:935][  0]LogPackageLocalizationCache: Processed 3 localized package path(s) for 2 prioritized culture(s) in 0.037049 seconds
[2016.12.30-21.51.07:944][  0]LogUObjectArray: 28746 objects as part of root set at end of initial load.
[2016.12.30-21.51.07:944][  0]LogUObjectAllocator: 6069096 out of 0 bytes used by permanent object pool.
[2016.12.30-21.51.07:944][  0]LogUObjectArray: CloseDisregardForGC: 0/0 objects in disregard for GC pool
[2016.12.30-21.51.08:232][  0]LogSlate: SlateFontCache - WITH_FREETYPE: 1, WITH_HARFBUZZ: 1
[2016.12.30-21.51.08:232][  0]LogSlate: SlateFontCache - WITH_FREETYPE: 1, WITH_HARFBUZZ: 1
[2016.12.30-21.51.09:134][  0]LogUdpMessaging: Initializing bridge on interface 0.0.0.0:0 to multicast group 230.0.0.1:6666.
[2016.12.30-21.51.09:416][  0]SourceControl: Info Source control is disabled
[2016.12.30-21.51.09:418][  0]SourceControl: Info Source control is disabled
[2016.12.30-21.51.09:429][  0]SourceControl: Info Source control is disabled
[2016.12.30-21.51.09:441][  0]SourceControl: Info Source control is disabled
[2016.12.30-21.51.09:732][  0]LogEngine: Initializing Engine...
[2016.12.30-21.51.09:733][  0]LogHMD: SteamVR failed to initialize.  Err: 110
[2016.12.30-21.51.09:734][  0]LogHMD: SteamVR failed to initialize.  Err: 110
[2016.12.30-21.51.09:957][  0]LogAIModule: Creating AISystem for world NewWorld
[2016.12.30-21.51.09:987][  0]LogInit: XAudio2 using 'Speakers (Realtek High Definition Audio)' : 2 channels at 48 kHz using 32 bits per sample (channel mask 0x3)
[2016.12.30-21.51.10:048][  0]LogInit: FAudioDevice initialized.
[2016.12.30-21.51.10:100][  0]LogDerivedDataCache: Saved boot cache 0.05s 48MB C:/Users/Spencer Ross Austin/AppData/Local/UnrealEngine/4.12/DerivedDataCache/Boot.ddc.
[2016.12.30-21.51.10:114][  0]LogInit: Texture streaming: Enabled
[2016.12.30-21.51.10:151][  0]LogInit: Transaction tracking system initialized
[2016.12.30-21.51.10:187][  0]BlueprintLog: New page: Editor Load
[2016.12.30-21.51.10:325][  0]LocalizationService: Info Localization service is disabled
[2016.12.30-21.51.10:407][  0]LogConsoleResponse:Display: 
[2016.12.30-21.51.10:551][  0]LogCook:Display: Max memory allowance for cook 8192mb
[2016.12.30-21.51.10:551][  0]LogCook:Display: Mobile HDR setting 1
[2016.12.30-21.51.10:696][  0]LogFileCache: Scanning file cache for directory 'D:/SkyDrive/Pen Drive/Games/Stratagema/Stratagema/Content/' took 0.01s
[2016.12.30-21.51.10:696][  0]SourceControl: Info Source control is disabled
[2016.12.30-21.51.10:696][  0]Cmd: MAP LOAD FILE="../../../../../../../SkyDrive/Pen Drive/Games/Stratagema/Stratagema/Content/Maps/StratagemaGame.umap" TEMPLATE=0 SHOWPROGRESS=1 FEATURELEVEL=3
[2016.12.30-21.51.10:697][  0]LightingResults: New page: Lighting Build
[2016.12.30-21.51.10:701][  0]MapCheck: New page: Map Check
[2016.12.30-21.51.10:701][  0]LightingResults: New page: Lighting Build
[2016.12.30-21.51.10:946][  0]LogProperty:Error: UStructProperty::Serialize Loading: Property 'StructProperty /Game/Blueprints/AllLevels/StratagemaSaveGame.StratagemaSaveGame_C:S_PlayerInfo'. Unknown structure.
[2016.12.30-21.51.10:946][  0]LogClass:Warning: Property S_PlayerInfo of StratagemaSaveGame_C has a struct type mismatch (tag STRUCT_REINST_StratagemaPlayerInfo_6 != prop FallbackStruct) in package:  ../../../../../../../SkyDrive/Pen Drive/Games/Stratagema/Stratagema/Content/Blueprints/AllLevels/StratagemaSaveGame.uasset. If that struct got renamed, add an entry to ActiveStructRedirects.
[2016.12.30-21.51.10:948][  0]LogClass:Warning: Property S_PlayerInfo of StratagemaSaveGame_C has a struct type mismatch (tag FallbackStruct != prop StratagemaPlayerInfo) in package:  FObjectReader. If that struct got renamed, add an entry to ActiveStructRedirects.
[2016.12.30-21.51.10:957][  0]LogProperty:Error: UStructProperty::Serialize Loading: Property 'StructProperty /Game/Widgets/MainMenu/OptionsMenu.OptionsMenu_C:PlayerInformation'. Unknown structure.
[2016.12.30-21.51.11:129][  0]LogClass:Warning: Property PlayerInformation of OptionsMenu_C has a struct type mismatch (tag STRUCT_REINST_StratagemaPlayerInfo_6 != prop FallbackStruct) in package:  ../../../../../../../SkyDrive/Pen Drive/Games/Stratagema/Stratagema/Content/Widgets/MainMenu/OptionsMenu.uasset. If that struct got renamed, add an entry to ActiveStructRedirects.
[2016.12.30-21.51.11:250][  0]LogClass:Warning: Property PlayerInformation of OptionsMenu_C has a struct type mismatch (tag FallbackStruct != prop StratagemaPlayerInfo) in package:  FObjectReader. If that struct got renamed, add an entry to ActiveStructRedirects.
[2016.12.30-21.51.12:394][  0]LogProperty:Error: UStructProperty::Serialize Loading: Property 'StructProperty /Game/Widgets/Lobby/LobbyMenu.LobbyMenu_C:UpdatePlayerWindow.IncomingPlayerInfo'. Unknown structure.
[2016.12.30-21.51.12:395][  0]LogProperty:Error: UStructProperty::Serialize Loading: Property 'StructProperty /Game/Widgets/Lobby/LobbyMenu.LobbyMenu_C:ExecuteUbergraph_LobbyMenu.K2Node_CustomEvent_IncomingPlayerInfo'. Unknown structure.
[2016.12.30-21.51.12:401][  0]LogProperty:Error: UStructProperty::Serialize Loading: Property 'StructProperty /Game/Widgets/Lobby/ConnectedPlayer.ConnectedPlayer_C:PlayerInformation'. Unknown structure.
[2016.12.30-21.51.12:401][  0]LogClass:Warning: Property PlayerInformation of ConnectedPlayer_C has a struct type mismatch (tag STRUCT_REINST_StratagemaPlayerInfo_6 != prop FallbackStruct) in package:  ../../../../../../../SkyDrive/Pen Drive/Games/Stratagema/Stratagema/Content/Widgets/Lobby/ConnectedPlayer.uasset. If that struct got renamed, add an entry to ActiveStructRedirects.
[2016.12.30-21.51.12:416][  0]LogClass:Warning: Property PlayerInformation of ConnectedPlayer_C has a struct type mismatch (tag FallbackStruct != prop StratagemaPlayerInfo) in package:  FObjectReader. If that struct got renamed, add an entry to ActiveStructRedirects.
[2016.12.30-21.51.12:632][  0]LogProperty:Error: UStructProperty::Serialize Loading: Property 'StructProperty /Game/Widgets/Lobby/PlayerButton.PlayerButton_C:PlayerInfo'. Unknown structure.
[2016.12.30-21.51.12:633][  0]LogClass:Warning: Property PlayerInfo of PlayerButton_C has a struct type mismatch (tag STRUCT_REINST_StratagemaPlayerInfo_6 != prop FallbackStruct) in package:  ../../../../../../../SkyDrive/Pen Drive/Games/Stratagema/Stratagema/Content/Widgets/Lobby/PlayerButton.uasset. If that struct got renamed, add an entry to ActiveStructRedirects.
[2016.12.30-21.51.12:645][  0]LogClass:Warning: Property PlayerInfo of PlayerButton_C has a struct type mismatch (tag FallbackStruct != prop StratagemaPlayerInfo) in package:  FObjectReader. If that struct got renamed, add an entry to ActiveStructRedirects.
[2016.12.30-21.51.12:793][  0]LogBlueprint:Warning: [GameSettings] CreatePinForVariable: 'Node/PathArray' variable not found. Base class was probably changed.
[2016.12.30-21.51.12:795][  0]LogBlueprint:Warning: [GameSettings] CreatePinForVariable: 'Node/PathArray' variable not found. Base class was probably changed.
[2016.12.30-21.51.18:982][  0]LogAIModule: Creating AISystem for world StratagemaGame
[2016.12.30-21.51.18:988][  0]LogEditorServer: Finished looking for orphan Actors (0.000 secs)
[2016.12.30-21.51.18:991][  0]Cmd: MAP CHECKDEP NOCLEARLOG
[2016.12.30-21.51.19:060][  0]MapCheck: Info Map check complete: 0 Error(s), 0 Warning(s), took 69.251ms to complete.
[2016.12.30-21.51.19:061][  0]LogFileHelpers: Loading map 'StratagemaGame' took 8.364
[2016.12.30-21.51.19:286][  0]LogWindowsTextInputMethodSystem:Display: IME system now deactivated.
[2016.12.30-21.51.19:486][  0]LogCrashTracker: Crashtracker disabled due to settings.
[2016.12.30-21.51.19:525][  0]LogCollectionManager: Loaded 1 collections in 0.002635 seconds
[2016.12.30-21.51.19:576][  0]LogFileCache: Scanning file cache for directory 'D:/SkyDrive/Pen Drive/Games/Stratagema/Stratagema/Saved/Collections/' took 0.01s
[2016.12.30-21.51.19:576][  0]LogFileCache: Scanning file cache for directory 'D:/SkyDrive/Pen Drive/Games/Stratagema/Stratagema/Content/Developers/SpencerRossAustin/Collections/' took 0.01s
[2016.12.30-21.51.19:576][  0]LogFileCache: Scanning file cache for directory 'D:/SkyDrive/Pen Drive/Games/Stratagema/Stratagema/Content/Collections/' took 0.01s
[2016.12.30-21.51.19:576][  0]LogCollectionManager: Rebuilt the GUID cache for 1 collections in 0.000007 seconds
[2016.12.30-21.51.19:576][  0]LogCollectionManager: Rebuilt the hierarchy cache for 1 collections in 0.000000 seconds
[2016.12.30-21.51.19:598][  0]LogContentBrowser: Native class hierarchy populated in 0.0214 seconds. Added 2050 classes and 373 folders.
[2016.12.30-21.51.19:605][  0]LogStats: UGameplayTagsManager::ConstructGameplayTagTree: Construct from data asset -  0.000 s
[2016.12.30-21.51.19:605][  0]LogStats: UGameplayTagsManager::ConstructGameplayTagTree: GameplayTagTreeChangedEvent.Broadcast -  0.000 s
[2016.12.30-21.51.19:606][  0]LogContentBrowser: Native class hierarchy updated for 'GameplayTags' in 0.0009 seconds. Added 12 classes and 0 folders.
[2016.12.30-21.51.19:616][  0]LogContentBrowser: Native class hierarchy updated for 'WidgetCarousel' in 0.0008 seconds. Added 0 classes and 0 folders.
[2016.12.30-21.51.19:689][  0]LogContentBrowser: Native class hierarchy updated for 'AddContentDialog' in 0.0008 seconds. Added 0 classes and 0 folders.
[2016.12.30-21.51.19:704][  0]LogUObjectGlobals:Warning: Failed to find object 'Class None.'
[2016.12.30-21.51.19:732][  0]LogContentBrowser: Native class hierarchy updated for 'HierarchicalLODOutliner' in 0.0005 seconds. Added 1 classes and 2 folders.
[2016.12.30-21.51.19:732][  0]LogLoad: Full Startup: 20.26 seconds (BP compile: 2.86 seconds)
[2016.12.30-21.51.19:732][  0]LogExternalProfiler: No external profilers were discovered.  External profiling features will not be available.
[2016.12.30-21.51.19:744][  0]LogOcInput: OculusInput pre-init called
[2016.12.30-21.51.19:769][  0]LogContentStreaming: Texture pool size now 1000 MB
[2016.12.30-21.51.19:930][  0]LogRenderer: Reallocating scene render targets to support 1276x868 (Frame:2).
[2016.12.30-21.51.20:197][  2]LogAssetRegistry: Asset discovery search completed in 12.3244 seconds
[2016.12.30-21.51.20:197][  2]LogCollectionManager: Rebuilt the object cache for 1 collections in 0.000009 seconds (found 0 objects)
[2016.12.30-21.51.20:197][  2]LogCollectionManager: Fixed up redirectors for 1 collections in 0.000036 seconds (updated 0 objects)
[2016.12.30-21.51.40:016][ 84]LogBlueprintUserMessages: Early PlayInEditor Detection: Level '/Game/Maps/StratagemaGame.StratagemaGame:PersistentLevel' has LevelScriptBlueprint '/Game/Maps/StratagemaGame.StratagemaGame:PersistentLevel.StratagemaGame' with GeneratedClass '/Game/Maps/StratagemaGame.StratagemaGame_C' with ClassGeneratedBy '/Game/Maps/StratagemaGame.StratagemaGame:PersistentLevel.StratagemaGame'
[2016.12.30-21.51.40:016][ 84]LogPlayLevel: PlayLevel: No blueprints needed recompiling
[2016.12.30-21.51.40:018][ 84]PIE: New page: PIE session: StratagemaGame (30 Dec 2016 21:51:40)
[2016.12.30-21.51.40:018][ 84]LogPlayLevel: Creating play world package: /Game/Maps/UEDPIE_0_StratagemaGame
[2016.12.30-21.51.40:026][ 84]LogPlayLevel: PIE: StaticDuplicateObject took: (0.007850s)
[2016.12.30-21.51.40:027][ 84]LogAIModule: Creating AISystem for world StratagemaGame
[2016.12.30-21.51.40:027][ 84]LogPlayLevel: PIE: World Init took: (0.000965s)
[2016.12.30-21.51.40:027][ 84]LogPlayLevel: PIE: Created PIE world by copying editor world from /Game/Maps/StratagemaGame.StratagemaGame to /Game/Maps/UEDPIE_0_StratagemaGame.StratagemaGame (0.009116s)
[2016.12.30-21.51.40:366][ 84]LogInit: XAudio2 using 'Speakers (Realtek High Definition Audio)' : 2 channels at 48 kHz using 32 bits per sample (channel mask 0x3)
[2016.12.30-21.51.40:421][ 84]LogInit: FAudioDevice initialized.
[2016.12.30-21.51.40:508][ 84]LogWorld: Game class is 'StratagemeGameMode_C'
[2016.12.30-21.51.40:512][ 84]LogWorld: Bringing World /Game/Maps/UEDPIE_0_StratagemaGame.StratagemaGame up for play (max tick rate 0) at 2016.12.30-21.51.40
[2016.12.30-21.51.40:513][ 84]LogWorld: Bringing up level for play took: 0.002412
[2016.12.30-21.51.40:525][ 84]LogVoice:Warning: Failed to initialize voice interface
[2016.12.30-21.51.40:530][ 84]LogContentBrowser: Native class hierarchy updated for 'MovieSceneCapture' in 0.0007 seconds. Added 11 classes and 0 folders.
[2016.12.30-21.51.40:532][ 84]LogScriptCore:Warning: Attempted to get an item from array CallFunc_GetAllActorsOfClass_OutActors out of bounds [1/0]!

[2016.12.30-21.51.40:532][ 84]LogScriptCore:Warning: Attempted to get an item from array PlayerArray out of bounds [1/0]!

[2016.12.30-21.51.40:532][ 84]LogScript:Warning: Accessed None trying to read property CallFunc_Array_Get_Item5
	StratagemeGameMode_C /Game/Maps/UEDPIE_0_StratagemaGame.StratagemaGame:PersistentLevel.StratagemeGameMode_C_0
	Function /Game/Blueprints/GamePlay/StratagemeGameMode.StratagemeGameMode_C:ExecuteUbergraph_StratagemeGameMode:086E
[2016.12.30-21.51.40:532][ 84]PIE:Error: Error Blueprint Runtime Error: Accessed None trying to read property CallFunc_Array_Get_Item5 from function: 'ExecuteUbergraph_StratagemeGameMode' from node: Set Player2ID in graph: EventGraph in object: StratagemeGameMode with description: Accessed None trying to read property CallFunc_Array_Get_Item5
[2016.12.30-21.51.40:532][ 84]LogScriptCore:Warning: Attempted to get an item from array CallFunc_GetAllActorsOfClass_OutActors out of bounds [2/0]!

[2016.12.30-21.51.40:532][ 84]LogScriptCore:Warning: Attempted to get an item from array PlayerArray out of bounds [2/0]!

[2016.12.30-21.51.40:532][ 84]LogScript:Warning: Accessed None trying to read property CallFunc_Array_Get_Item4
	StratagemeGameMode_C /Game/Maps/UEDPIE_0_StratagemaGame.StratagemaGame:PersistentLevel.StratagemeGameMode_C_0
	Function /Game/Blueprints/GamePlay/StratagemeGameMode.StratagemeGameMode_C:ExecuteUbergraph_StratagemeGameMode:0965
[2016.12.30-21.51.40:532][ 84]PIE:Error: Error Blueprint Runtime Error: Accessed None trying to read property CallFunc_Array_Get_Item4 from function: 'ExecuteUbergraph_StratagemeGameMode' from node: Set Player3ID in graph: EventGraph in object: StratagemeGameMode with description: Accessed None trying to read property CallFunc_Array_Get_Item4
[2016.12.30-21.51.40:544][ 84]LogActor:Error: SetOwner(): Failed to set 'PlayerState_0' owner of 'StratagemaPlayerController_C_0' because it would cause an Owner loop
[2016.12.30-21.51.40:547][ 84]PIE: Info Play in editor start time for /Game/Maps/UEDPIE_0_StratagemaGame -0.44
[2016.12.30-21.51.40:547][ 84]LogBlueprintUserMessages: Late PlayInEditor Detection: Level '/Game/Maps/StratagemaGame.StratagemaGame:PersistentLevel' has LevelScriptBlueprint '/Game/Maps/StratagemaGame.StratagemaGame:PersistentLevel.StratagemaGame' with GeneratedClass '/Game/Maps/StratagemaGame.StratagemaGame_C' with ClassGeneratedBy '/Game/Maps/StratagemaGame.StratagemaGame:PersistentLevel.StratagemaGame'
[2016.12.30-21.51.42:404][181]LogActor:Error: SetOwner(): Failed to set 'PlayerState_0' owner of 'StratagemaPlayerController_C_0' because it would cause an Owner loop
[2016.12.30-21.51.43:661][250]LogActor:Error: SetOwner(): Failed to set 'PlayerState_0' owner of 'StratagemaPlayerController_C_0' because it would cause an Owner loop
[2016.12.30-21.51.44:906][317]LogActor:Error: SetOwner(): Failed to set 'PlayerState_0' owner of 'StratagemaPlayerController_C_0' because it would cause an Owner loop
[2016.12.30-21.51.46:145][385]LogActor:Error: SetOwner(): Failed to set 'PlayerState_0' owner of 'StratagemaPlayerController_C_0' because it would cause an Owner loop
[2016.12.30-21.51.47:396][452]LogActor:Error: SetOwner(): Failed to set 'PlayerState_0' owner of 'StratagemaPlayerController_C_0' because it would cause an Owner loop
[2016.12.30-21.51.47:398][452]LogActor:Error: SetOwner(): Failed to set 'PlayerState_0' owner of 'StratagemaPlayerController_C_0' because it would cause an Owner loop
[2016.12.30-21.51.47:398][452]LogActor:Error: SetOwner(): Failed to set 'PlayerState_0' owner of 'StratagemaPlayerController_C_0' because it would cause an Owner loop
[2016.12.30-21.51.48:621][509]LogActor:Error: SetOwner(): Failed to set 'PlayerState_0' owner of 'StratagemaPlayerController_C_0' because it would cause an Owner loop
[2016.12.30-21.51.48:623][509]LogActor:Error: SetOwner(): Failed to set 'PlayerState_0' owner of 'StratagemaPlayerController_C_0' because it would cause an Owner loop
[2016.12.30-21.51.48:624][509]LogActor:Error: SetOwner(): Failed to set 'PlayerState_0' owner of 'StratagemaPlayerController_C_0' because it would cause an Owner loop
[2016.12.30-21.51.49:894][568]LogActor:Error: SetOwner(): Failed to set 'PlayerState_0' owner of 'StratagemaPlayerController_C_0' because it would cause an Owner loop
[2016.12.30-21.51.49:896][568]LogActor:Error: SetOwner(): Failed to set 'PlayerState_0' owner of 'StratagemaPlayerController_C_0' because it would cause an Owner loop
[2016.12.30-21.51.49:896][568]LogActor:Error: SetOwner(): Failed to set 'PlayerState_0' owner of 'StratagemaPlayerController_C_0' because it would cause an Owner loop
[2016.12.30-21.51.51:064][622]LogActor:Error: SetOwner(): Failed to set 'PlayerState_0' owner of 'StratagemaPlayerController_C_0' because it would cause an Owner loop
[2016.12.30-21.51.51:066][622]LogActor:Error: SetOwner(): Failed to set 'PlayerState_0' owner of 'StratagemaPlayerController_C_0' because it would cause an Owner loop
[2016.12.30-21.51.51:067][622]LogActor:Error: SetOwner(): Failed to set 'PlayerState_0' owner of 'StratagemaPlayerController_C_0' because it would cause an Owner loop
[2016.12.30-21.51.51:069][622]LogActor:Error: SetOwner(): Failed to set 'PlayerState_0' owner of 'StratagemaPlayerController_C_0' because it would cause an Owner loop
[2016.12.30-21.51.51:069][622]LogActor:Error: SetOwner(): Failed to set 'PlayerState_0' owner of 'StratagemaPlayerController_C_0' because it would cause an Owner loop
[2016.12.30-21.51.51:072][622]LogSpawn:Warning: SpawnActor failed because of collision at the spawn location [X=250.000 Y=250.000 Z=250.000] for [CubeActor1_C]
[2016.12.30-21.51.51:155][626]LogActor:Error: SetOwner(): Failed to set 'PlayerState_0' owner of 'StratagemaPlayerController_C_0' because it would cause an Owner loop
[2016.12.30-21.51.52:283][669]LogActor:Error: SetOwner(): Failed to set 'PlayerState_0' owner of 'StratagemaPlayerController_C_0' because it would cause an Owner loop
[2016.12.30-21.51.52:343][671]LogActor:Error: SetOwner(): Failed to set 'PlayerState_0' owner of 'StratagemaPlayerController_C_0' because it would cause an Owner loop
[2016.12.30-21.51.53:477][710]LogActor:Error: SetOwner(): Failed to set 'PlayerState_0' owner of 'StratagemaPlayerController_C_0' because it would cause an Owner loop
[2016.12.30-21.51.54:671][767]LogActor:Error: SetOwner(): Failed to set 'PlayerState_0' owner of 'StratagemaPlayerController_C_0' because it would cause an Owner loop
[2016.12.30-21.51.54:671][767]LogActor:Error: SetOwner(): Failed to set 'PlayerState_0' owner of 'StratagemaPlayerController_C_0' because it would cause an Owner loop
[2016.12.30-21.51.54:671][767]LogActor:Error: SetOwner(): Failed to set 'PlayerState_0' owner of 'StratagemaPlayerController_C_0' because it would cause an Owner loop
[2016.12.30-21.51.55:852][830]LogActor:Error: SetOwner(): Failed to set 'PlayerState_0' owner of 'StratagemaPlayerController_C_0' because it would cause an Owner loop
[2016.12.30-21.51.55:853][830]LogActor:Error: SetOwner(): Failed to set 'PlayerState_0' owner of 'StratagemaPlayerController_C_0' because it would cause an Owner loop
[2016.12.30-21.51.55:853][830]LogActor:Error: SetOwner(): Failed to set 'PlayerState_0' owner of 'StratagemaPlayerController_C_0' because it would cause an Owner loop
[2016.12.30-21.51.57:127][898]LogActor:Error: SetOwner(): Failed to set 'PlayerState_0' owner of 'StratagemaPlayerController_C_0' because it would cause an Owner loop
[2016.12.30-21.51.57:127][898]LogActor:Error: SetOwner(): Failed to set 'PlayerState_0' owner of 'StratagemaPlayerController_C_0' because it would cause an Owner loop
[2016.12.30-21.51.57:128][898]LogActor:Error: SetOwner(): Failed to set 'PlayerState_0' owner of 'StratagemaPlayerController_C_0' because it would cause an Owner loop
[2016.12.30-21.51.57:128][898]LogActor:Error: SetOwner(): Failed to set 'PlayerState_0' owner of 'StratagemaPlayerController_C_0' because it would cause an Owner loop
[2016.12.30-21.51.57:128][898]LogActor:Error: SetOwner(): Failed to set 'PlayerState_0' owner of 'StratagemaPlayerController_C_0' because it would cause an Owner loop
[2016.12.30-21.51.57:129][898]LogActor:Error: SetOwner(): Failed to set 'PlayerState_0' owner of 'StratagemaPlayerController_C_0' because it would cause an Owner loop
[2016.12.30-21.51.57:129][898]LogSpawn:Warning: SpawnActor failed because of collision at the spawn location [X=250.000 Y=750.000 Z=250.000] for [CubeActor1_C]
[2016.12.30-21.51.58:566][974]LogOnline:Warning: NULL: Can't destroy a null online session (Game)
[2016.12.30-21.51.58:566][974]LogBlueprintUserMessages: Early EndPlayMap Detection: Level '/Game/Maps/StratagemaGame.StratagemaGame:PersistentLevel' has LevelScriptBlueprint '/Game/Maps/StratagemaGame.StratagemaGame:PersistentLevel.StratagemaGame' with GeneratedClass '/Game/Maps/StratagemaGame.StratagemaGame_C' with ClassGeneratedBy '/Game/Maps/StratagemaGame.StratagemaGame:PersistentLevel.StratagemaGame'
[2016.12.30-21.51.58:615][974]LogOnline:Display: NULL: FOnlineSubsystemNull::Shutdown()
[2016.12.30-21.51.58:616][974]LogPlayLevel:Display: Shutting down PIE online subsystems
[2016.12.30-21.51.58:616][974]LogBlueprintUserMessages: Late EndPlayMap Detection: Level '/Game/Maps/StratagemaGame.StratagemaGame:PersistentLevel' has LevelScriptBlueprint '/Game/Maps/StratagemaGame.StratagemaGame:PersistentLevel.StratagemaGame' with GeneratedClass '/Game/Maps/StratagemaGame.StratagemaGame_C' with ClassGeneratedBy '/Game/Maps/StratagemaGame.StratagemaGame:PersistentLevel.StratagemaGame'
[2016.12.30-21.51.58:767][975]LogPlayLevel:Display: Destroying online subsystem :Context_2
[2016.12.30-21.51.58:767][975]LogOnline:Display: NULL: FOnlineSubsystemNull::Shutdown()
[2016.12.30-21.52.00:872][169]LogWindowsTextInputMethodSystem:Display: IME system now deactivated.
[2016.12.30-21.52.01:059][170]Cmd: QUIT_EDITOR
[2016.12.30-21.52.02:144][170]LogExit: Preparing to exit.
[2016.12.30-21.52.03:384][170]LogExit: Editor shut down
[2016.12.30-21.52.03:384][170]LogExit: Transaction tracking system shut down
[2016.12.30-21.52.03:642][170]LogObj: Freed 0b from 0 cluster array pools.
[2016.12.30-21.52.03:643][170]LogExit: Object subsystem successfully closed.
[2016.12.30-21.52.03:662][170]LogD3D11RHI: Shutdown
[2016.12.30-21.52.03:662][170]LogD3D11RHI: CleanupD3DDevice
[2016.12.30-21.52.03:771][170]LogD3D11RHI: ~FD3D11DynamicRHI
[2016.12.30-21.52.03:785][170]LogModuleManager: Shutting down and abandoning module MovieSceneCapture (217)
[2016.12.30-21.52.03:785][170]LogModuleManager: Shutting down and abandoning module HierarchicalLODOutliner (216)
[2016.12.30-21.52.03:785][170]LogModuleManager: Shutting down and abandoning module WidgetCarousel (215)
[2016.12.30-21.52.03:785][170]LogModuleManager: Shutting down and abandoning module AddContentDialog (214)
[2016.12.30-21.52.03:787][170]LogModuleManager: Shutting down and abandoning module GameplayTags (213)
[2016.12.30-21.52.03:787][170]LogModuleManager: Shutting down and abandoning module EditorWidgets (212)
[2016.12.30-21.52.03:787][170]LogModuleManager: Shutting down and abandoning module CollectionManager (211)
[2016.12.30-21.52.03:787][170]LogModuleManager: Shutting down and abandoning module CrashTracker (210)
[2016.12.30-21.52.03:787][170]LogModuleManager: Shutting down and abandoning module SceneOutliner (209)
[2016.12.30-21.52.03:787][170]LogModuleManager: Shutting down and abandoning module StatsViewer (208)
[2016.12.30-21.52.03:787][170]LogModuleManager: Shutting down and abandoning module FoliageEdit (207)
[2016.12.30-21.52.03:787][170]LogModuleManager: Shutting down and abandoning module LandscapeEditor (206)
[2016.12.30-21.52.03:788][170]LogModuleManager: Shutting down and abandoning module SceneDepthPickerMode (205)
[2016.12.30-21.52.03:788][170]LogModuleManager: Shutting down and abandoning module ActorPickerMode (204)
[2016.12.30-21.52.03:788][170]LogModuleManager: Shutting down and abandoning module GeometryMode (203)
[2016.12.30-21.52.03:788][170]LogModuleManager: Shutting down and abandoning module TextureAlignMode (202)
[2016.12.30-21.52.03:788][170]LogModuleManager: Shutting down and abandoning module BspMode (201)
[2016.12.30-21.52.03:788][170]LogModuleManager: Shutting down and abandoning module HardwareSurvey (200)
[2016.12.30-21.52.03:788][170]LogModuleManager: Shutting down and abandoning module SequenceRecorderSections (199)
[2016.12.30-21.52.03:788][170]LogModuleManager: Shutting down and abandoning module SequenceRecorder (198)
[2016.12.30-21.52.03:789][170]LogModuleManager: Shutting down and abandoning module AutomationWorker (197)
[2016.12.30-21.52.03:789][170]LogModuleManager: Shutting down and abandoning module MatineeToLevelSequence (196)
[2016.12.30-21.52.03:789][170]LogModuleManager: Shutting down and abandoning module PlacementMode (195)
[2016.12.30-21.52.03:789][170]LogModuleManager: Shutting down and abandoning module LevelSequenceEditor (194)
[2016.12.30-21.52.03:789][170]LogModuleManager: Shutting down and abandoning module CharacterAI (193)
[2016.12.30-21.52.03:789][170]LogModuleManager: Shutting down and abandoning module SmartSnapping (192)
[2016.12.30-21.52.03:789][170]LogModuleManager: Shutting down and abandoning module SessionServices (191)
[2016.12.30-21.52.03:789][170]LogModuleManager: Shutting down and abandoning module ViewportSnapping (190)
[2016.12.30-21.52.03:789][170]LogModuleManager: Shutting down and abandoning module LogVisualizer (189)
[2016.12.30-21.52.03:789][170]LogModuleManager: Shutting down and abandoning module GameProjectGeneration (188)
[2016.12.30-21.52.03:789][170]LogModuleManager: Shutting down and abandoning module IntroTutorials (187)
[2016.12.30-21.52.03:790][170]LogModuleManager: Shutting down and abandoning module EditorLiveStreaming (186)
[2016.12.30-21.52.03:790][170]LogModuleManager: Shutting down and abandoning module IOSPlatformEditor (185)
[2016.12.30-21.52.03:790][170]LogModuleManager: Shutting down and abandoning module HTML5PlatformEditor (184)
[2016.12.30-21.52.03:790][170]LogModuleManager: Shutting down and abandoning module AndroidDeviceDetection (183)
[2016.12.30-21.52.04:472][170]LogModuleManager: Shutting down and abandoning module AndroidPlatformEditor (182)
[2016.12.30-21.52.04:472][170]LogModuleManager: Shutting down and abandoning module IOSRuntimeSettings (181)
[2016.12.30-21.52.04:472][170]LogModuleManager: Shutting down and abandoning module AndroidRuntimeSettings (180)
[2016.12.30-21.52.04:472][170]LogModuleManager: Shutting down and abandoning module MergeActors (179)
[2016.12.30-21.52.04:472][170]LogModuleManager: Shutting down and abandoning module SizeMap (178)
[2016.12.30-21.52.04:472][170]LogModuleManager: Shutting down and abandoning module TreeMap (177)
[2016.12.30-21.52.04:472][170]LogModuleManager: Shutting down and abandoning module ReferenceViewer (176)
[2016.12.30-21.52.04:472][170]LogModuleManager: Shutting down and abandoning module LocalizationService (175)
[2016.12.30-21.52.04:472][170]LogModuleManager: Shutting down and abandoning module LocalizationDashboard (174)
[2016.12.30-21.52.04:472][170]LogModuleManager: Shutting down and abandoning module HardwareTargeting (173)
[2016.12.30-21.52.04:472][170]LogModuleManager: Shutting down and abandoning module DeviceProfileEditor (172)
[2016.12.30-21.52.04:473][170]LogModuleManager: Shutting down and abandoning module UndoHistory (171)
[2016.12.30-21.52.04:473][170]LogModuleManager: Shutting down and abandoning module UserFeedback (170)
[2016.12.30-21.52.04:473][170]LogModuleManager: Shutting down and abandoning module XmlParser (169)
[2016.12.30-21.52.04:473][170]LogModuleManager: Shutting down and abandoning module Blutility (168)
[2016.12.30-21.52.04:473][170]LogModuleManager: Shutting down and abandoning module ProjectTargetPlatformEditor (167)
[2016.12.30-21.52.04:473][170]LogModuleManager: Shutting down and abandoning module ProjectSettingsViewer (166)
[2016.12.30-21.52.04:473][170]LogModuleManager: Shutting down and abandoning module InputBindingEditor (165)
[2016.12.30-21.52.04:473][170]LogModuleManager: Shutting down and abandoning module EditorSettingsViewer (164)
[2016.12.30-21.52.04:473][170]LogModuleManager: Shutting down and abandoning module SettingsEditor (163)
[2016.12.30-21.52.04:473][170]LogModuleManager: Shutting down and abandoning module ProjectLauncher (162)
[2016.12.30-21.52.04:473][170]LogModuleManager: Shutting down and abandoning module SessionFrontend (161)
[2016.12.30-21.52.04:473][170]LogModuleManager: Shutting down and abandoning module ProfilerClient (160)
[2016.12.30-21.52.04:473][170]LogModuleManager: Shutting down and abandoning module TargetDeviceServices (159)
[2016.12.30-21.52.04:473][170]LogModuleManager: Shutting down and abandoning module DeviceManager (158)
[2016.12.30-21.52.04:527][170]LogModuleManager: Shutting down and abandoning module AutomationController (157)
[2016.12.30-21.52.04:527][170]LogModuleManager: Shutting down and abandoning module AutomationWindow (156)
[2016.12.30-21.52.04:527][170]LogModuleManager: Shutting down and abandoning module Layers (155)
[2016.12.30-21.52.04:527][170]LogModuleManager: Shutting down and abandoning module ComponentVisualizers (154)
[2016.12.30-21.52.04:527][170]LogModuleManager: Shutting down and abandoning module DetailCustomizations (153)
[2016.12.30-21.52.04:527][170]LogModuleManager: Shutting down and abandoning module PackagesDialog (152)
[2016.12.30-21.52.04:527][170]LogModuleManager: Shutting down and abandoning module Persona (151)
[2016.12.30-21.52.04:527][170]LogModuleManager: Shutting down and abandoning module Kismet (150)
[2016.12.30-21.52.04:527][170]LogModuleManager: Shutting down and abandoning module GraphEditor (149)
[2016.12.30-21.52.04:527][170]LogModuleManager: Shutting down and abandoning module ClassViewer (148)
[2016.12.30-21.52.04:527][170]LogModuleManager: Shutting down and abandoning module Toolbox (147)
[2016.12.30-21.52.04:527][170]LogModuleManager: Shutting down and abandoning module ModuleUI (146)
[2016.12.30-21.52.04:528][170]LogModuleManager: Shutting down and abandoning module MovieSceneTools (145)
[2016.12.30-21.52.04:528][170]LogModuleManager: Shutting down and abandoning module OutputLog (144)
[2016.12.30-21.52.04:528][170]LogModuleManager: Shutting down and abandoning module GammaUI (143)
[2016.12.30-21.52.04:528][170]LogModuleManager: Shutting down and abandoning module Documentation (142)
[2016.12.30-21.52.04:528][170]LogModuleManager: Shutting down and abandoning module StreamingPauseRendering (141)
[2016.12.30-21.52.04:528][170]LogModuleManager: Shutting down and abandoning module AnalyticsET (140)
[2016.12.30-21.52.04:528][170]LogModuleManager: Shutting down and abandoning module Analytics (139)
[2016.12.30-21.52.04:528][170]LogModuleManager: Shutting down and abandoning module PortalServices (138)
[2016.12.30-21.52.04:528][170]LogModuleManager: Shutting down and abandoning module PortalRpc (137)
[2016.12.30-21.52.04:528][170]LogModuleManager: Shutting down and abandoning module MessagingRpc (136)
[2016.12.30-21.52.04:528][170]LogModuleManager: Shutting down and abandoning module GameplayDebugger (135)
[2016.12.30-21.52.04:528][170]LogModuleManager: Shutting down and abandoning module AITestSuite (134)
[2016.12.30-21.52.04:528][170]LogModuleManager: Shutting down and abandoning module AIModule (133)
[2016.12.30-21.52.04:528][170]LogModuleManager: Shutting down and abandoning module ProfilerService (132)
[2016.12.30-21.52.04:616][170]LogModuleManager: Shutting down and abandoning module TaskGraph (131)
[2016.12.30-21.52.04:616][170]LogModuleManager: Shutting down and abandoning module SlateRemote (130)
[2016.12.30-21.52.04:616][170]LogModuleManager: Shutting down and abandoning module SteamVRController (129)
[2016.12.30-21.52.04:616][170]LogModuleManager: Shutting down and abandoning module SteamVR (128)
[2016.12.30-21.52.04:616][170]LogModuleManager: Shutting down and abandoning module ProceduralMeshComponent (127)
[2016.12.30-21.52.04:616][170]LogModuleManager: Shutting down and abandoning module OculusLibrary (126)
[2016.12.30-21.52.04:616][170]LogModuleManager: Shutting down and abandoning module OculusInput (125)
[2016.12.30-21.52.04:616][170]LogModuleManager: Shutting down and abandoning module CustomMeshComponent (124)
[2016.12.30-21.52.04:616][170]LogModuleManager: Shutting down and abandoning module CableComponent (123)
[2016.12.30-21.52.04:616][170]LogModuleManager: Shutting down and abandoning module ArchVisCharacter (122)
[2016.12.30-21.52.04:617][170]LogModuleManager: Shutting down and abandoning module MediaPlayerEditor (121)
[2016.12.30-21.52.04:617][170]LogModuleManager: Shutting down and abandoning module HTML5Networking (120)
[2016.12.30-21.52.04:617][170]LogModuleManager: Shutting down and abandoning module SuperSearch (119)
[2016.12.30-21.52.04:617][170]LogModuleManager: Shutting down and abandoning module SuperSearchEditor (118)
[2016.12.30-21.52.04:617][170]LogModuleManager: Shutting down and abandoning module SpeedTreeImporter (117)
[2016.12.30-21.52.04:617][170]LogModuleManager: Shutting down and abandoning module PluginBrowser (116)
[2016.12.30-21.52.04:617][170]LogModuleManager: Shutting down and abandoning module EpicSurvey (115)
[2016.12.30-21.52.04:617][170]LogModuleManager: Shutting down and abandoning module DesktopPlatform (114)
[2016.12.30-21.52.04:617][170]LogModuleManager: Shutting down and abandoning module VisualStudioSourceCodeAccess (113)
[2016.12.30-21.52.04:617][170]LogModuleManager: Shutting down and abandoning module UObjectPlugin (112)
[2016.12.30-21.52.04:617][170]LogModuleManager: Shutting down and abandoning module SubversionSourceControl (111)
[2016.12.30-21.52.04:617][170]LogModuleManager: Shutting down and abandoning module PerforceSourceControl (110)
[2016.12.30-21.52.04:617][170]LogModuleManager: Shutting down and abandoning module SourceControl (109)
[2016.12.30-21.52.04:617][170]LogModuleManager: Shutting down and abandoning module GitSourceControl (108)
[2016.12.30-21.52.04:617][170]LogModuleManager: Shutting down and abandoning module LightPropagationVolumeEditor (107)
[2016.12.30-21.52.04:617][170]LogModuleManager: Shutting down and abandoning module PaperTiledImporter (106)
[2016.12.30-21.52.04:617][170]LogModuleManager: Shutting down and abandoning module PaperSpriteSheetImporter (105)
[2016.12.30-21.52.04:617][170]LogModuleManager: Shutting down and abandoning module MeshPaint (104)
[2016.12.30-21.52.04:617][170]LogModuleManager: Shutting down and abandoning module PixelInspectorModule (103)
[2016.12.30-21.52.04:617][170]LogModuleManager: Shutting down and abandoning module HotReload (102)
[2016.12.30-21.52.04:618][170]LogModuleManager: Shutting down and abandoning module MainFrame (101)
[2016.12.30-21.52.04:618][170]LogModuleManager: Shutting down and abandoning module LevelEditor (100)
[2016.12.30-21.52.04:620][170]LogModuleManager: Shutting down and abandoning module ContentBrowser (99)
[2016.12.30-21.52.04:623][170]LogModuleManager: Shutting down and abandoning module Paper2DEditor (98)
[2016.12.30-21.52.04:624][170]LogModuleManager: Shutting down and abandoning module UdpMessaging (97)
[2016.12.30-21.52.04:725][170]LogModuleManager: Shutting down and abandoning module LightPropagationVolumeRuntime (96)
[2016.12.30-21.52.04:725][170]LogModuleManager: Shutting down and abandoning module Paper2D (95)
[2016.12.30-21.52.04:725][170]LogModuleManager: Shutting down and abandoning module WindowsMoviePlayer (94)
[2016.12.30-21.52.04:725][170]LogModuleManager: Shutting down and abandoning module Media (93)
[2016.12.30-21.52.04:725][170]LogModuleManager: Shutting down and abandoning module WmfMedia (92)
[2016.12.30-21.52.04:725][170]LogModuleManager: Shutting down and abandoning module MediaAssets (91)
[2016.12.30-21.52.04:725][170]LogModuleManager: Shutting down and abandoning module GameLiveStreaming (90)
[2016.12.30-21.52.04:725][170]LogModuleManager: Shutting down and abandoning module GameplayTagsEditor (89)
[2016.12.30-21.52.04:725][170]LogModuleManager: Shutting down and abandoning module OnlineBlueprintSupport (88)
[2016.12.30-21.52.04:725][170]LogModuleManager: Shutting down and abandoning module VREditor (87)
[2016.12.30-21.52.04:725][170]LogModuleManager: Shutting down and abandoning module GameplayTasksEditor (86)
[2016.12.30-21.52.04:725][170]LogModuleManager: Shutting down and abandoning module PropertyEditor (85)
[2016.12.30-21.52.04:725][170]LogModuleManager: Shutting down and abandoning module BehaviorTreeEditor (84)
[2016.12.30-21.52.04:725][170]LogModuleManager: Shutting down and abandoning module FunctionalTesting (83)
[2016.12.30-21.52.04:725][170]LogModuleManager: Shutting down and abandoning module CollisionAnalyzer (82)
[2016.12.30-21.52.04:725][170]LogModuleManager: Shutting down and abandoning module Sequencer (81)
[2016.12.30-21.52.04:726][170]LogModuleManager: Shutting down and abandoning module WorkspaceMenuStructure (80)
[2016.12.30-21.52.04:726][170]LogModuleManager: Shutting down and abandoning module MessageLog (79)
[2016.12.30-21.52.04:726][170]LogModuleManager: Shutting down and abandoning module AssetTools (78)
[2016.12.30-21.52.04:726][170]LogModuleManager: Shutting down and abandoning module UMGEditor (77)
[2016.12.30-21.52.04:726][170]LogModuleManager: Shutting down and abandoning module UMG (76)
[2016.12.30-21.52.04:726][170]LogModuleManager: Shutting down and abandoning module SlateReflector (75)
[2016.12.30-21.52.04:726][170]LogModuleManager: Shutting down and abandoning module Slate (74)
[2016.12.30-21.52.04:726][170]LogModuleManager: Shutting down and abandoning module EditorStyle (73)
[2016.12.30-21.52.04:729][170]LogModuleManager: Shutting down and abandoning module SourceCodeAccess (72)
[2016.12.30-21.52.04:729][170]LogModuleManager: Shutting down and abandoning module HeadMountedDisplay (71)
[2016.12.30-21.52.04:729][170]LogModuleManager: Shutting down and abandoning module XAudio2 (70)
[2016.12.30-21.52.04:729][170]LogModuleManager: Shutting down and abandoning module Networking (69)
[2016.12.30-21.52.04:729][170]LogModuleManager: Shutting down and abandoning module Core (68)
[2016.12.30-21.52.04:729][170]LogModuleManager: Shutting down and abandoning module DirectoryWatcher (67)
[2016.12.30-21.52.04:730][170]LogModuleManager: Shutting down and abandoning module AssetRegistry (66)
[2016.12.30-21.52.04:956][170]LogModuleManager: Shutting down and abandoning module KismetCompiler (65)
[2016.12.30-21.52.04:956][170]LogModuleManager: Shutting down and abandoning module PhysXFormats (64)
[2016.12.30-21.52.04:956][170]LogModuleManager: Shutting down and abandoning module MeshUtilities (63)
[2016.12.30-21.52.04:956][170]LogModuleManager: Shutting down and abandoning module DerivedDataCache (62)
[2016.12.30-21.52.05:436][170]LogDerivedDataCache: Shutdown
[2016.12.30-21.52.05:436][170]LogModuleManager: Shutting down and abandoning module VulkanShaderFormat (61)
[2016.12.30-21.52.05:436][170]LogModuleManager: Shutting down and abandoning module ShaderFormatOpenGL (60)
[2016.12.30-21.52.05:436][170]LogModuleManager: Shutting down and abandoning module ShaderFormatD3D (59)
[2016.12.30-21.52.05:436][170]LogModuleManager: Shutting down and abandoning module MetalShaderFormat (58)
[2016.12.30-21.52.05:436][170]LogModuleManager: Shutting down and abandoning module TextureFormatUncompressed (57)
[2016.12.30-21.52.05:436][170]LogModuleManager: Shutting down and abandoning module TextureFormatPVR (56)
[2016.12.30-21.52.05:436][170]LogModuleManager: Shutting down and abandoning module TextureFormatIntelISPCTexComp (55)
[2016.12.30-21.52.05:437][170]LogModuleManager: Shutting down and abandoning module TextureFormatDXT (54)
[2016.12.30-21.52.05:437][170]LogModuleManager: Shutting down and abandoning module ImageWrapper (53)
[2016.12.30-21.52.05:437][170]LogModuleManager: Shutting down and abandoning module TextureFormatASTC (52)
[2016.12.30-21.52.05:437][170]LogModuleManager: Shutting down and abandoning module TextureFormatAndroid (51)
[2016.12.30-21.52.05:438][170]LogModuleManager: Shutting down and abandoning module AudioFormatOpus (50)
[2016.12.30-21.52.05:438][170]LogModuleManager: Shutting down and abandoning module AudioFormatOgg (49)
[2016.12.30-21.52.05:438][170]LogModuleManager: Shutting down and abandoning module AudioFormatADPCM (48)
[2016.12.30-21.52.05:438][170]LogModuleManager: Shutting down and abandoning module LinuxTargetPlatform (47)
[2016.12.30-21.52.05:438][170]LogModuleManager: Shutting down and abandoning module LinuxServerTargetPlatform (46)
[2016.12.30-21.52.05:438][170]LogModuleManager: Shutting down and abandoning module LinuxNoEditorTargetPlatform (45)
[2016.12.30-21.52.05:438][170]LogModuleManager: Shutting down and abandoning module TVOSTargetPlatform (44)
[2016.12.30-21.52.05:438][170]LogModuleManager: Shutting down and abandoning module Messaging (43)
[2016.12.30-21.52.05:438][170]LogModuleManager: Shutting down and abandoning module IOSTargetPlatform (42)
[2016.12.30-21.52.05:438][170]LogModuleManager: Shutting down and abandoning module HTML5TargetPlatform (41)
[2016.12.30-21.52.05:438][170]LogModuleManager: Shutting down and abandoning module Android_PVRTCTargetPlatform (40)
[2016.12.30-21.52.05:438][170]LogModuleManager: Shutting down and abandoning module Android_MultiTargetPlatform (39)
[2016.12.30-21.52.05:438][170]LogModuleManager: Shutting down and abandoning module Android_ETC2TargetPlatform (38)
[2016.12.30-21.52.05:438][170]LogModuleManager: Shutting down and abandoning module Android_ETC1TargetPlatform (37)
[2016.12.30-21.52.05:438][170]LogModuleManager: Shutting down and abandoning module Android_DXTTargetPlatform (36)
[2016.12.30-21.52.05:438][170]LogModuleManager: Shutting down and abandoning module Android_ATCTargetPlatform (35)
[2016.12.30-21.52.05:438][170]LogModuleManager: Shutting down and abandoning module Android_ASTCTargetPlatform (34)
[2016.12.30-21.52.05:438][170]LogModuleManager: Shutting down and abandoning module AndroidTargetPlatform (33)
[2016.12.30-21.52.05:438][170]LogModuleManager: Shutting down and abandoning module WindowsTargetPlatform (32)
[2016.12.30-21.52.05:438][170]LogModuleManager: Shutting down and abandoning module WindowsServerTargetPlatform (31)
[2016.12.30-21.52.05:438][170]LogModuleManager: Shutting down and abandoning module WindowsNoEditorTargetPlatform (30)
[2016.12.30-21.52.05:438][170]LogModuleManager: Shutting down and abandoning module WindowsClientTargetPlatform (29)
[2016.12.30-21.52.05:438][170]LogModuleManager: Shutting down and abandoning module AllDesktopTargetPlatform (28)
[2016.12.30-21.52.05:438][170]LogModuleManager: Shutting down and abandoning module TargetPlatform (27)
[2016.12.30-21.52.05:438][170]LogModuleManager: Shutting down and abandoning module InputCore (26)
[2016.12.30-21.52.05:438][170]LogModuleManager: Shutting down and abandoning module Settings (25)
[2016.12.30-21.52.05:438][170]LogModuleManager: Shutting down and abandoning module Voice (23)
[2016.12.30-21.52.05:439][170]LogModuleManager: Shutting down and abandoning module OnlineSubsystem (19)
[2016.12.30-21.52.05:439][170]LogOnline:Display: NULL: FOnlineSubsystemNull::Shutdown()
[2016.12.30-21.52.05:439][170]LogOnline:Display: Unloading online subsystem: STEAM
[2016.12.30-21.52.05:439][170]LogOnline:Display: Unloading online subsystem: NULL
[2016.12.30-21.52.05:439][170]LogModuleManager: Shutting down and abandoning module HTTP (18)
[2016.12.30-21.52.09:959][170]LogModuleManager: Shutting down and abandoning module XMPP (17)
[2016.12.30-21.52.09:959][170]LogModuleManager: Shutting down and abandoning module OculusRift (16)
[2016.12.30-21.52.09:959][170]LogModuleManager: Shutting down and abandoning module ExampleDeviceProfileSelector (15)
[2016.12.30-21.52.09:959][170]LogModuleManager: Shutting down and abandoning module TextureCompressor (14)
[2016.12.30-21.52.09:959][170]LogModuleManager: Shutting down and abandoning module ShaderCore (13)
[2016.12.30-21.52.09:959][170]LogModuleManager: Shutting down and abandoning module Landscape (12)
[2016.12.30-21.52.09:959][170]LogModuleManager: Shutting down and abandoning module SlateRHIRenderer (11)
[2016.12.30-21.52.09:961][170]LogModuleManager: Shutting down and abandoning module OpenGLDrv (10)
[2016.12.30-21.52.09:961][170]LogModuleManager: Shutting down and abandoning module D3D11RHI (9)
[2016.12.30-21.52.09:961][170]LogModuleManager: Shutting down and abandoning module AnimGraphRuntime (8)
[2016.12.30-21.52.09:961][170]LogModuleManager: Shutting down and abandoning module Renderer (7)
[2016.12.30-21.52.09:961][170]LogModuleManager: Shutting down and abandoning module Engine (6)
[2016.12.30-21.52.09:961][170]LogModuleManager: Shutting down and abandoning module CoreUObject (5)
[2016.12.30-21.52.09:961][170]LogModuleManager: Shutting down and abandoning module NetworkFile (4)
[2016.12.30-21.52.09:961][170]LogModuleManager: Shutting down and abandoning module StreamingFile (3)
[2016.12.30-21.52.09:961][170]LogModuleManager: Shutting down and abandoning module SandboxFile (2)
[2016.12.30-21.52.09:961][170]LogModuleManager: Shutting down and abandoning module PakFile (1)
[2016.12.30-21.52.09:963][170]LogExit: Exiting.
[2016.12.30-21.52.09:966][170]Log file closed, 12/30/16 21:52:09
