Log file open, 04/06/21 15:38:49
LogInit:Display: Running engine for game: Stratagema
LogPlatformFile: Not using cached read wrapper
LogInit:Display: RandInit(-643717231) SRandInit(-643717231).
LogTaskGraph: Started task graph with 5 named threads and 12 total threads with 1 sets of task threads.
LogStats: Stats thread started at 0.128678
LogPluginManager: Loaded Plugin Paper2D, From D:/Programs/UE4/Epic Games/4.14/Engine/Plugins/2D/Paper2D/Paper2D.uplugin
LogPluginManager: Loaded Plugin LightPropagationVolume, From D:/Programs/UE4/Epic Games/4.14/Engine/Plugins/Blendables/LightPropagationVolume/LightPropagationVolume.uplugin
LogPluginManager: Loaded Plugin BlankPlugin, From D:/Programs/UE4/Epic Games/4.14/Engine/Plugins/Developer/BlankPlugin/BlankPlugin.uplugin
LogPluginManager: Loaded Plugin CodeLiteSourceCodeAccess, From D:/Programs/UE4/Epic Games/4.14/Engine/Plugins/Developer/CodeLiteSourceCodeAccess/CodeLiteSourceCodeAccess.uplugin
LogPluginManager: Loaded Plugin GitSourceControl, From D:/Programs/UE4/Epic Games/4.14/Engine/Plugins/Developer/GitSourceControl/GitSourceControl.uplugin
LogPluginManager: Loaded Plugin KDevelopSourceCodeAccess, From D:/Programs/UE4/Epic Games/4.14/Engine/Plugins/Developer/KDevelopSourceCodeAccess/KDevelopSourceCodeAccess.uplugin
LogPluginManager: Loaded Plugin NullSourceCodeAccess, From D:/Programs/UE4/Epic Games/4.14/Engine/Plugins/Developer/NullSourceCodeAccess/NullSourceCodeAccess.uplugin
LogPluginManager: Loaded Plugin OneSkyLocalizationService, From D:/Programs/UE4/Epic Games/4.14/Engine/Plugins/Developer/OneSkyLocalizationService/OneSkyLocalizationService.uplugin
LogPluginManager: Loaded Plugin PerforceSourceControl, From D:/Programs/UE4/Epic Games/4.14/Engine/Plugins/Developer/PerforceSourceControl/PerforceSourceControl.uplugin
LogPluginManager: Loaded Plugin SubversionSourceControl, From D:/Programs/UE4/Epic Games/4.14/Engine/Plugins/Developer/SubversionSourceControl/SubversionSourceControl.uplugin
LogPluginManager: Loaded Plugin UObjectPlugin, From D:/Programs/UE4/Epic Games/4.14/Engine/Plugins/Developer/UObjectPlugin/UObjectPlugin.uplugin
LogPluginManager: Loaded Plugin VisualStudioSourceCodeAccess, From D:/Programs/UE4/Epic Games/4.14/Engine/Plugins/Developer/VisualStudioSourceCodeAccess/VisualStudioSourceCodeAccess.uplugin
LogPluginManager: Loaded Plugin XCodeSourceCodeAccess, From D:/Programs/UE4/Epic Games/4.14/Engine/Plugins/Developer/XCodeSourceCodeAccess/XCodeSourceCodeAccess.uplugin
LogPluginManager: Loaded Plugin AudioCapture, From D:/Programs/UE4/Epic Games/4.14/Engine/Plugins/Editor/AudioCapture/AudioCapture.uplugin
LogPluginManager: Loaded Plugin EpicSurvey, From D:/Programs/UE4/Epic Games/4.14/Engine/Plugins/Editor/EpicSurvey/EpicSurvey.uplugin
LogPluginManager: Loaded Plugin MacGraphicsSwitching, From D:/Programs/UE4/Epic Games/4.14/Engine/Plugins/Editor/MacGraphicsSwitching/MacGraphicsSwitching.uplugin
LogPluginManager: Loaded Plugin MobileLauncherProfileWizard, From D:/Programs/UE4/Epic Games/4.14/Engine/Plugins/Editor/MobileLauncherProfileWizard/MobileLauncherProfileWizard.uplugin
LogPluginManager: Loaded Plugin PluginBrowser, From D:/Programs/UE4/Epic Games/4.14/Engine/Plugins/Editor/PluginBrowser/PluginBrowser.uplugin
LogPluginManager: Loaded Plugin SpeedTreeImporter, From D:/Programs/UE4/Epic Games/4.14/Engine/Plugins/Editor/SpeedTreeImporter/SpeedTreeImporter.uplugin
LogPluginManager: Loaded Plugin SuperSearchEditor, From D:/Programs/UE4/Epic Games/4.14/Engine/Plugins/Editor/SuperSearchEditor/SuperSearchEditor.uplugin
LogPluginManager: Loaded Plugin AlembicImporter, From D:/Programs/UE4/Epic Games/4.14/Engine/Plugins/Experimental/AlembicImporter/AlembicImporter.uplugin
LogPluginManager: Loaded Plugin BlueprintStats, From D:/Programs/UE4/Epic Games/4.14/Engine/Plugins/Experimental/BlueprintStats/BlueprintStats.uplugin
LogPluginManager: Loaded Plugin CharacterAI, From D:/Programs/UE4/Epic Games/4.14/Engine/Plugins/Experimental/CharacterAI/CharacterAI.uplugin
LogPluginManager: Loaded Plugin CodeEditor, From D:/Programs/UE4/Epic Games/4.14/Engine/Plugins/Experimental/CodeEditor/CodeEditor.uplugin
LogPluginManager: Loaded Plugin CodeView, From D:/Programs/UE4/Epic Games/4.14/Engine/Plugins/Experimental/CodeView/CodeView.uplugin
LogPluginManager: Loaded Plugin HTML5Networking, From D:/Programs/UE4/Epic Games/4.14/Engine/Plugins/Experimental/HTML5Networking/HTML5Networking.uplugin
LogPluginManager: Loaded Plugin OSVR, From D:/Programs/UE4/Epic Games/4.14/Engine/Plugins/Experimental/OSVR/OSVR.uplugin
LogPluginManager: Loaded Plugin Phya, From D:/Programs/UE4/Epic Games/4.14/Engine/Plugins/Experimental/Phya/Phya.uplugin
LogPluginManager: Loaded Plugin SignificanceManager, From D:/Programs/UE4/Epic Games/4.14/Engine/Plugins/Experimental/SignificanceManager/SignificanceManager.uplugin
LogPluginManager: Loaded Plugin SimpleHMD, From D:/Programs/UE4/Epic Games/4.14/Engine/Plugins/Experimental/SimpleHMD/SimpleHMD.uplugin
LogPluginManager: Loaded Plugin StereoPanorama, From D:/Programs/UE4/Epic Games/4.14/Engine/Plugins/Experimental/StereoPanorama/StereoPanorama.uplugin
LogPluginManager: Loaded Plugin StructBox, From D:/Programs/UE4/Epic Games/4.14/Engine/Plugins/Experimental/StructBox/StructBox.uplugin
LogPluginManager: Loaded Plugin AndroidMedia, From D:/Programs/UE4/Epic Games/4.14/Engine/Plugins/Media/AndroidMedia/AndroidMedia.uplugin
LogPluginManager: Loaded Plugin AvfMedia, From D:/Programs/UE4/Epic Games/4.14/Engine/Plugins/Media/AvfMedia/AvfMedia.uplugin
LogPluginManager: Loaded Plugin MediaPlayerEditor, From D:/Programs/UE4/Epic Games/4.14/Engine/Plugins/Media/MediaPlayerEditor/MediaPlayerEditor.uplugin
LogPluginManager: Loaded Plugin WmfMedia, From D:/Programs/UE4/Epic Games/4.14/Engine/Plugins/Media/WmfMedia/WmfMedia.uplugin
LogPluginManager: Loaded Plugin MessagingDebugger, From D:/Programs/UE4/Epic Games/4.14/Engine/Plugins/Messaging/MessagingDebugger/MessagingDebugger.uplugin
LogPluginManager: Loaded Plugin TcpMessaging, From D:/Programs/UE4/Epic Games/4.14/Engine/Plugins/Messaging/TcpMessaging/TcpMessaging.uplugin
LogPluginManager: Loaded Plugin UdpMessaging, From D:/Programs/UE4/Epic Games/4.14/Engine/Plugins/Messaging/UdpMessaging/UdpMessaging.uplugin
LogPluginManager: Loaded Plugin LevelSequenceEditor, From D:/Programs/UE4/Epic Games/4.14/Engine/Plugins/MovieScene/LevelSequenceEditor/LevelSequenceEditor.uplugin
LogPluginManager: Loaded Plugin MatineeToLevelSequence, From D:/Programs/UE4/Epic Games/4.14/Engine/Plugins/MovieScene/MatineeToLevelSequence/MatineeToLevelSequence.uplugin
LogPluginManager: Loaded Plugin NetcodeUnitTest, From D:/Programs/UE4/Epic Games/4.14/Engine/Plugins/NetcodeUnitTest/NetcodeUnitTest/NetcodeUnitTest.uplugin
LogPluginManager: Loaded Plugin NUTUnrealEngine4, From D:/Programs/UE4/Epic Games/4.14/Engine/Plugins/NetcodeUnitTest/NUTUnrealEngine4/NUTUnrealEngine4.uplugin
LogPluginManager: Loaded Plugin OnlineSubsystemGameCircle, From D:/Programs/UE4/Epic Games/4.14/Engine/Plugins/Online/Android/OnlineSubsystemGameCircle/OnlineSubsystemGameCircle.uplugin
LogPluginManager: Loaded Plugin OnlineSubsystemGooglePlay, From D:/Programs/UE4/Epic Games/4.14/Engine/Plugins/Online/Android/OnlineSubsystemGooglePlay/OnlineSubsystemGooglePlay.uplugin
LogPluginManager: Loaded Plugin OnlineSubsystemIOS, From D:/Programs/UE4/Epic Games/4.14/Engine/Plugins/Online/IOS/OnlineSubsystemIOS/OnlineSubsystemIOS.uplugin
LogPluginManager: Loaded Plugin OnlineFramework, From D:/Programs/UE4/Epic Games/4.14/Engine/Plugins/Online/OnlineFramework/OnlineFramework.uplugin
LogPluginManager: Loaded Plugin OnlineSubsystem, From D:/Programs/UE4/Epic Games/4.14/Engine/Plugins/Online/OnlineSubsystem/OnlineSubsystem.uplugin
LogPluginManager: Loaded Plugin OnlineSubsystemAmazon, From D:/Programs/UE4/Epic Games/4.14/Engine/Plugins/Online/OnlineSubsystemAmazon/OnlineSubsystemAmazon.uplugin
LogPluginManager: Loaded Plugin OnlineSubsystemFacebook, From D:/Programs/UE4/Epic Games/4.14/Engine/Plugins/Online/OnlineSubsystemFacebook/OnlineSubsystemFacebook.uplugin
LogPluginManager: Loaded Plugin OnlineSubsystemNull, From D:/Programs/UE4/Epic Games/4.14/Engine/Plugins/Online/OnlineSubsystemNull/OnlineSubsystemNull.uplugin
LogPluginManager: Loaded Plugin OnlineSubsystemOculus, From D:/Programs/UE4/Epic Games/4.14/Engine/Plugins/Online/OnlineSubsystemOculus/OnlineSubsystemOculus.uplugin
LogPluginManager: Loaded Plugin OnlineSubsystemSteam, From D:/Programs/UE4/Epic Games/4.14/Engine/Plugins/Online/OnlineSubsystemSteam/OnlineSubsystemSteam.uplugin
LogPluginManager: Loaded Plugin OnlineSubsystemUtils, From D:/Programs/UE4/Epic Games/4.14/Engine/Plugins/Online/OnlineSubsystemUtils/OnlineSubsystemUtils.uplugin
LogPluginManager: Loaded Plugin IOSTapJoy, From D:/Programs/UE4/Epic Games/4.14/Engine/Plugins/Runtime/Advertising/IOSTapJoy/IOSTapJoy.uplugin
LogPluginManager: Loaded Plugin AnalyticsBlueprintLibrary, From D:/Programs/UE4/Epic Games/4.14/Engine/Plugins/Runtime/Analytics/AnalyticsBlueprintLibrary/AnalyticsBlueprintLibrary.uplugin
LogPluginManager: Loaded Plugin AnalyticsMulticast, From D:/Programs/UE4/Epic Games/4.14/Engine/Plugins/Runtime/Analytics/AnalyticsMulticast/AnalyticsMulticast.uplugin
LogPluginManager: Loaded Plugin Apsalar, From D:/Programs/UE4/Epic Games/4.14/Engine/Plugins/Runtime/Analytics/Apsalar/Apsalar.uplugin
LogPluginManager: Loaded Plugin FileLogging, From D:/Programs/UE4/Epic Games/4.14/Engine/Plugins/Runtime/Analytics/FileLogging/FileLogging.uplugin
LogPluginManager: Loaded Plugin Flurry, From D:/Programs/UE4/Epic Games/4.14/Engine/Plugins/Runtime/Analytics/Flurry/Flurry.uplugin
LogPluginManager: Loaded Plugin AndroidDeviceProfileSelector, From D:/Programs/UE4/Epic Games/4.14/Engine/Plugins/Runtime/AndroidDeviceProfileSelector/AndroidDeviceProfileSelector.uplugin
LogPluginManager: Loaded Plugin AndroidMoviePlayer, From D:/Programs/UE4/Epic Games/4.14/Engine/Plugins/Runtime/AndroidMoviePlayer/AndroidMoviePlayer.uplugin
LogPluginManager: Loaded Plugin AppleMoviePlayer, From D:/Programs/UE4/Epic Games/4.14/Engine/Plugins/Runtime/AppleMoviePlayer/AppleMoviePlayer.uplugin
LogPluginManager: Loaded Plugin ArchVisCharacter, From D:/Programs/UE4/Epic Games/4.14/Engine/Plugins/Runtime/ArchVisCharacter/ArchVisCharacter.uplugin
LogPluginManager: Loaded Plugin CableComponent, From D:/Programs/UE4/Epic Games/4.14/Engine/Plugins/Runtime/CableComponent/CableComponent.uplugin
LogPluginManager: Loaded Plugin CustomMeshComponent, From D:/Programs/UE4/Epic Games/4.14/Engine/Plugins/Runtime/CustomMeshComponent/CustomMeshComponent.uplugin
LogPluginManager: Loaded Plugin ExampleDeviceProfileSelector, From D:/Programs/UE4/Epic Games/4.14/Engine/Plugins/Runtime/ExampleDeviceProfileSelector/ExampleDeviceProfileSelector.uplugin
LogPluginManager: Loaded Plugin GearVR, From D:/Programs/UE4/Epic Games/4.14/Engine/Plugins/Runtime/GearVR/GearVR.uplugin
LogPluginManager: Loaded Plugin GoogleVRController, From D:/Programs/UE4/Epic Games/4.14/Engine/Plugins/Runtime/GoogleVR/GoogleVRController/GoogleVRController.uplugin
LogPluginManager: Loaded Plugin GoogleVRHMD, From D:/Programs/UE4/Epic Games/4.14/Engine/Plugins/Runtime/GoogleVR/GoogleVRHMD/GoogleVRHMD.uplugin
LogPluginManager: Loaded Plugin IOSDeviceProfileSelector, From D:/Programs/UE4/Epic Games/4.14/Engine/Plugins/Runtime/IOSDeviceProfileSelector/IOSDeviceProfileSelector.uplugin
LogPluginManager: Loaded Plugin LeapMotion, From D:/Programs/UE4/Epic Games/4.14/Engine/Plugins/Runtime/LeapMotion/LeapMotion.uplugin
LogPluginManager: Loaded Plugin LinuxDeviceProfileSelector, From D:/Programs/UE4/Epic Games/4.14/Engine/Plugins/Runtime/LinuxDeviceProfileSelector/LinuxDeviceProfileSelector.uplugin
LogPluginManager: Loaded Plugin MIDIDevice, From D:/Programs/UE4/Epic Games/4.14/Engine/Plugins/Runtime/MIDIDevice/MIDIDevice.uplugin
LogPluginManager: Loaded Plugin MobilePatchingUtils, From D:/Programs/UE4/Epic Games/4.14/Engine/Plugins/Runtime/MobilePatchingUtils/MobilePatchingUtils.uplugin
LogPluginManager: Loaded Plugin Ansel, From D:/Programs/UE4/Epic Games/4.14/Engine/Plugins/Runtime/Nvidia/Ansel/Ansel.uplugin
LogPluginManager: Loaded Plugin OculusAudio, From D:/Programs/UE4/Epic Games/4.14/Engine/Plugins/Runtime/OculusAudio/OculusAudio.uplugin
LogPluginManager: Loaded Plugin OculusInput, From D:/Programs/UE4/Epic Games/4.14/Engine/Plugins/Runtime/OculusInput/OculusInput.uplugin
LogPluginManager: Loaded Plugin OculusLibrary, From D:/Programs/UE4/Epic Games/4.14/Engine/Plugins/Runtime/OculusLibrary/OculusLibrary.uplugin
LogPluginManager: Loaded Plugin OculusRift, From D:/Programs/UE4/Epic Games/4.14/Engine/Plugins/Runtime/OculusRift/OculusRift.uplugin
LogPluginManager: Loaded Plugin Oodle, From D:/Programs/UE4/Epic Games/4.14/Engine/Plugins/Runtime/PacketHandlers/CompressionComponents/Oodle/Oodle.uplugin
LogPluginManager: Loaded Plugin ProceduralMeshComponent, From D:/Programs/UE4/Epic Games/4.14/Engine/Plugins/Runtime/ProceduralMeshComponent/ProceduralMeshComponent.uplugin
LogPluginManager: Loaded Plugin SoundMod, From D:/Programs/UE4/Epic Games/4.14/Engine/Plugins/Runtime/SoundMod/SoundMod.uplugin
LogPluginManager: Loaded Plugin SoundVisualizations, From D:/Programs/UE4/Epic Games/4.14/Engine/Plugins/Runtime/SoundVisualizations/SoundVisualizations.uplugin
LogPluginManager: Loaded Plugin SteamController, From D:/Programs/UE4/Epic Games/4.14/Engine/Plugins/Runtime/Steam/SteamController/SteamController.uplugin
LogPluginManager: Loaded Plugin SteamVR, From D:/Programs/UE4/Epic Games/4.14/Engine/Plugins/Runtime/Steam/SteamVR/SteamVR.uplugin
LogPluginManager: Loaded Plugin WebBrowserWidget, From D:/Programs/UE4/Epic Games/4.14/Engine/Plugins/Runtime/WebBrowserWidget/WebBrowserWidget.uplugin
LogPluginManager: Loaded Plugin WindowsDeviceProfileSelector, From D:/Programs/UE4/Epic Games/4.14/Engine/Plugins/Runtime/WindowsDeviceProfileSelector/WindowsDeviceProfileSelector.uplugin
LogPluginManager: Loaded Plugin WindowsMoviePlayer, From D:/Programs/UE4/Epic Games/4.14/Engine/Plugins/Runtime/WindowsMoviePlayer/WindowsMoviePlayer.uplugin
LogPluginManager: Loaded Plugin ScriptPlugin, From D:/Programs/UE4/Epic Games/4.14/Engine/Plugins/ScriptPlugin/ScriptPlugin.uplugin
LogPluginManager: Loaded Plugin SlateRemote, From D:/Programs/UE4/Epic Games/4.14/Engine/Plugins/Slate/SlateRemote/SlateRemote.uplugin
LogPluginManager: Loaded Plugin EditorTests, From D:/Programs/UE4/Epic Games/4.14/Engine/Plugins/Tests/EditorTests/EditorTests.uplugin
LogPluginManager: Loaded Plugin FbxAutomationTestBuilder, From D:/Programs/UE4/Epic Games/4.14/Engine/Plugins/Tests/FbxAutomationTestBuilder/FbxAutomationTestBuilder.uplugin
LogPluginManager: Loaded Plugin FunctionalTestingEditor, From D:/Programs/UE4/Epic Games/4.14/Engine/Plugins/Tests/FunctionalTestingEditor/FunctionalTestingEditor.uplugin
LogPluginManager: Loaded Plugin RuntimeTests, From D:/Programs/UE4/Epic Games/4.14/Engine/Plugins/Tests/RuntimeTests/RuntimeTests.uplugin
LogPluginManager: Loaded Plugin ScreenshotTools, From D:/Programs/UE4/Epic Games/4.14/Engine/Plugins/Tests/ScreenshotTools/ScreenshotTools.uplugin
LogInit: Using libcurl 7.47.1
LogInit:  - built for x86_64-pc-win32
LogInit:  - supports SSL with OpenSSL/1.0.2g
LogInit:  - supports HTTP deflate (compression) using libz 1.2.8
LogInit:  - other features:
LogInit:      CURL_VERSION_SSL
LogInit:      CURL_VERSION_LIBZ
LogInit:      CURL_VERSION_IPV6
LogInit:      CURL_VERSION_ASYNCHDNS
LogInit:      CURL_VERSION_LARGEFILE
LogInit:      CURL_VERSION_IDN
LogInit:  CurlRequestOptions (configurable via config and command line):
LogInit:  - bVerifyPeer = false  - Libcurl will NOT verify peer certificate
LogInit:  - bUseHttpProxy = false  - Libcurl will NOT use HTTP proxy
LogInit:  - bDontReuseConnections = false  - Libcurl will reuse connections
LogInit:  - CertBundlePath = nullptr  - Libcurl will use whatever was configured at build time.
LogModuleManager:Warning: No filename provided for module OnlineSubsystemSteam
LogModuleManager:Warning: ModuleManager: Unable to load module 'OnlineSubsystemSteam' because the file 'D:/Programs/UE4/Epic Games/4.14/Engine/Binaries/Win64/' was not found.
LogInit: WinSock: version 1.1 (2.2), MaxSocks=32767, MaxUdp=65467
LogInit: Build: ++UE4+Release-4.14-CL-3249277
LogInit: Engine Version: 4.14.3-3249277+++UE4+Release-4.14
LogInit: Compatible Engine Version: 4.14.0-3195953+++UE4+Release-4.14
LogInit: Net CL: 3195953
LogDevObjectVersion: Number of dev versions registered: 13
LogDevObjectVersion:   Dev-Blueprints (B0D832E4-1F89-4F0D-ACCF-7EB736FD4AA2): 7
LogDevObjectVersion:   Dev-Build (E1C64328-A22C-4D53-A36C-8E866417BD8C): 0
LogDevObjectVersion:   Dev-Core (375EC13C-06E4-48FB-B500-84F0262A717E): 1
LogDevObjectVersion:   Dev-Editor (E4B068ED-F494-42E9-A231-DA0B2E46BB41): 8
LogDevObjectVersion:   Dev-Framework (CFFC743F-43B0-4480-9391-14DF171D2073): 17
LogDevObjectVersion:   Dev-Mobile (B02B49B5-BB20-44E9-A304-32B752E40360): 0
LogDevObjectVersion:   Dev-Networking (A4E4105C-59A1-49B5-A7C5-40C4547EDFEE): 0
LogDevObjectVersion:   Dev-Online (39C831C9-5AE6-47DC-9A44-9C173E1C8E7C): 0
LogDevObjectVersion:   Dev-Physics (78F01B33-EBEA-4F98-B9B4-84EACCB95AA2): 0
LogDevObjectVersion:   Dev-Platform (6631380F-2D4D-43E0-8009-CF276956A95A): 0
LogDevObjectVersion:   Dev-Rendering (12F88B9F-8875-4AFC-A67C-D90C383ABD29): 12
LogDevObjectVersion:   Dev-Sequencer (7B5AE74C-D270-4C10-A958-57980B212A5A): 1
LogDevObjectVersion:   Dev-VR (D7296918-1DD6-4BDD-9DE2-64A83CC13884): 0
LogInit: Compiled (64-bit): Jan  6 2017 10:49:43
LogInit: Compiled with Visual C++: 19.00.23026.00
LogInit: Build Configuration: Development
LogInit: Branch Name: ++UE4+Release-4.14
LogInit: Command line:  
LogInit: Base directory: D:/Programs/UE4/Epic Games/4.14/Engine/Binaries/Win64/
LogInit: Installed Engine Build: 1
LogInit: Presizing for max 8388607 objects, including 0 objects not considered by GC, pre-allocating 0 bytes for permanent pool.
LogInit: Object subsystem initialized
[2021.04.06-14.38.49:508][  0]LogInit: Selected Device Profile: [Windows]
[2021.04.06-14.38.49:508][  0]LogInit: Applying CVar settings loaded from the selected device profile: [Windows]
[2021.04.06-14.38.49:517][  0]LogInit: Computer: WORKMACHINE
[2021.04.06-14.38.49:517][  0]LogInit: User: SpencerRossAustin
[2021.04.06-14.38.49:517][  0]LogInit: CPU Page size=65536, Cores=8
[2021.04.06-14.38.49:517][  0]LogInit: High frequency timer resolution =10.000000 MHz
[2021.04.06-14.38.49:517][  0]LogMemory: Memory total: Physical=15.9GB (16GB approx)
[2021.04.06-14.38.49:517][  0]LogMemory: Platform Memory Stats for Windows
[2021.04.06-14.38.49:517][  0]LogMemory: Process Physical Memory: 268.61 MB used, 268.61 MB peak
[2021.04.06-14.38.49:517][  0]LogMemory: Process Virtual Memory: 265.61 MB used, 265.61 MB peak
[2021.04.06-14.38.49:517][  0]LogMemory: Physical Memory: 7171.69 MB used,  9137.96 MB free, 16309.66 MB total
[2021.04.06-14.38.49:517][  0]LogMemory: Virtual Memory: 4804.95 MB used,  9137.96 MB free, 134217728.00 MB total
[2021.04.06-14.38.49:557][  0]LogTextLocalizationManager: No specific translations for ('en-GB') exist, so ('en') translations will be used.
[2021.04.06-14.38.50:235][  0]LogD3D11RHI: D3D11 adapters:
[2021.04.06-14.38.50:286][  0]LogD3D11RHI:    0. 'NVIDIA GeForce GTX 550 Ti' (Feature Level 11_0)
[2021.04.06-14.38.50:286][  0]LogD3D11RHI:       959/0/8154 MB DedicatedVideo/DedicatedSystem/SharedSystem, Outputs:2, VendorId:0x10de
[2021.04.06-14.38.50:330][  0]LogD3D11RHI:    1. 'NVIDIA GeForce GTX 550 Ti' (Feature Level 11_0)
[2021.04.06-14.38.50:330][  0]LogD3D11RHI:       959/0/8154 MB DedicatedVideo/DedicatedSystem/SharedSystem, Outputs:2, VendorId:0x10de
[2021.04.06-14.38.50:332][  0]LogD3D11RHI:    2. 'Microsoft Basic Render Driver' (Feature Level 11_0)
[2021.04.06-14.38.50:332][  0]LogD3D11RHI:       0/0/8154 MB DedicatedVideo/DedicatedSystem/SharedSystem, Outputs:0, VendorId:0x1414
[2021.04.06-14.38.50:332][  0]LogD3D11RHI: Chosen D3D11 Adapter: 0
[2021.04.06-14.38.50:343][  0]LogD3D11RHI: Creating new Direct3DDevice
[2021.04.06-14.38.50:343][  0]LogD3D11RHI:     GPU DeviceId: 0x1244 (for the marketing name, search the web for "GPU Device Id")
[2021.04.06-14.38.50:343][  0]LogWindows: EnumDisplayDevices:
[2021.04.06-14.38.50:343][  0]LogWindows:    0. 'NVIDIA GeForce GTX 550 Ti' (P:1 D:1)
[2021.04.06-14.38.50:343][  0]LogWindows:    1. 'NVIDIA GeForce GTX 550 Ti' (P:0 D:1)
[2021.04.06-14.38.50:343][  0]LogWindows:    2. 'NVIDIA GeForce GTX 550 Ti' (P:0 D:1)
[2021.04.06-14.38.50:344][  0]LogWindows:    3. 'NVIDIA GeForce GTX 550 Ti' (P:0 D:1)
[2021.04.06-14.38.50:344][  0]LogWindows: DebugString: GetVideoDriverDetailsInvalid PrimaryIsNotTheChoosenAdapter GetVideoDriverDetailsInvalid PrimaryIsNotTheChoosenAdapter GetVideoDriverDetailsInvalid PrimaryIsNotTheChoosenAdapter GetVideoDriverDetailsInvalid PrimaryIsNotTheChoosenAdapter FoundDriverCount:0 
[2021.04.06-14.38.50:344][  0]LogD3D11RHI:     Adapter Name: NVIDIA GeForce GTX 550 Ti
[2021.04.06-14.38.50:344][  0]LogD3D11RHI:   Driver Version: Unknown (internal:Unknown, unified:Unknown)
[2021.04.06-14.38.50:344][  0]LogD3D11RHI:      Driver Date: Unknown
[2021.04.06-14.38.50:344][  0]LogRHI: Texture pool is 671 MB (70% of 959 MB)
[2021.04.06-14.38.50:388][  0]LogD3D11RHI:Warning: Timestamp queries are currently disabled on this hardware due to instability. Realtime GPU stats will not be available. You can override this behaviour by setting r.NVIDIATimestampWorkaround to 0
[2021.04.06-14.38.50:388][  0]LogD3D11RHI: Async texture creation enabled
[2021.04.06-14.38.50:405][  0]LogD3D11RHI: GPU Timing Frequency: 1000.000000 (Debug: 2 2)
[2021.04.06-14.38.50:405][  0]LogShaderCompilers: Guid format shader working directory is 22 characters bigger than the processId version (../../../../../../../Games/Stratagema2/Intermediate/Shaders/WorkingDirectory/6760/).
[2021.04.06-14.38.50:405][  0]LogShaderCompilers: Cleaned the shader compiler working directory 'C:/Users/Spencer Ross Austin/AppData/Local/Temp/UnrealShaderWorkingDir/4BBB4F0E4F43EF56D5BFAF99E6748F09/'.
[2021.04.06-14.38.50:405][  0]LogShaderCompilers:Display: Using Local Shader Compiler.
[2021.04.06-14.38.51:759][  0]LogTemp:Display: Loaded TP AllDesktopTargetPlatform
[2021.04.06-14.38.51:821][  0]LogTemp:Display: Loaded TP MacClientTargetPlatform
[2021.04.06-14.38.51:881][  0]LogTemp:Display: Loaded TP MacNoEditorTargetPlatform
[2021.04.06-14.38.51:941][  0]LogTemp:Display: Loaded TP MacServerTargetPlatform
[2021.04.06-14.38.52:002][  0]LogTemp:Display: Loaded TP MacTargetPlatform
[2021.04.06-14.38.52:063][  0]LogTemp:Display: Loaded TP WindowsClientTargetPlatform
[2021.04.06-14.38.52:125][  0]LogTemp:Display: Loaded TP WindowsNoEditorTargetPlatform
[2021.04.06-14.38.52:186][  0]LogTemp:Display: Loaded TP WindowsServerTargetPlatform
[2021.04.06-14.38.52:236][  0]LogTemp:Display: Loaded TP WindowsTargetPlatform
[2021.04.06-14.38.52:295][  0]LogTemp:Display: Loaded TP AndroidTargetPlatform
[2021.04.06-14.38.52:355][  0]LogTemp:Display: Loaded TP Android_ASTCTargetPlatform
[2021.04.06-14.38.52:414][  0]LogTemp:Display: Loaded TP Android_ATCTargetPlatform
[2021.04.06-14.38.52:474][  0]LogTemp:Display: Loaded TP Android_DXTTargetPlatform
[2021.04.06-14.38.52:533][  0]LogTemp:Display: Loaded TP Android_ETC1TargetPlatform
[2021.04.06-14.38.52:592][  0]LogTemp:Display: Loaded TP Android_ETC2TargetPlatform
[2021.04.06-14.38.52:710][  0]LogTemp:Display: Loaded TP Android_MultiTargetPlatform
[2021.04.06-14.38.52:710][  0]LogTemp:Display: Loaded TP Android_PVRTCTargetPlatform
[2021.04.06-14.38.52:751][  0]LogTemp:Display: Loaded TP HTML5TargetPlatform
[2021.04.06-14.38.52:844][  0]LogTemp:Display: Loaded TP IOSTargetPlatform
[2021.04.06-14.38.52:882][  0]LogTemp:Display: Loaded TP TVOSTargetPlatform
[2021.04.06-14.38.52:939][  0]LogTemp:Display: Loaded TP LinuxClientTargetPlatform
[2021.04.06-14.38.52:998][  0]LogTemp:Display: Loaded TP LinuxNoEditorTargetPlatform
[2021.04.06-14.38.53:057][  0]LogTemp:Display: Loaded TP LinuxServerTargetPlatform
[2021.04.06-14.38.53:116][  0]LogTemp:Display: Loaded TP LinuxTargetPlatform
[2021.04.06-14.38.53:116][  0]LogTargetPlatformManager:Display: Building Assets For Windows
[2021.04.06-14.38.53:544][  0]LogDerivedDataCache:Display: Max Cache Size: 512 MB
[2021.04.06-14.38.53:579][  0]LogDerivedDataCache: Loaded boot cache 0.03s 50MB C:/Users/Spencer Ross Austin/AppData/Local/UnrealEngine/4.14/DerivedDataCache/Boot.ddc.
[2021.04.06-14.38.53:579][  0]LogDerivedDataCache:Display: Loaded Boot cache: C:/Users/Spencer Ross Austin/AppData/Local/UnrealEngine/4.14/DerivedDataCache/Boot.ddc
[2021.04.06-14.38.53:579][  0]LogDerivedDataCache: FDerivedDataBackendGraph:  Pak pak cache file ../../../../../../../Games/Stratagema2/DerivedDataCache/DDC.ddp not found, will not use a pak cache.
[2021.04.06-14.38.53:579][  0]LogDerivedDataCache: Unable to find inner node Pak for hierarchical cache Hierarchy.
[2021.04.06-14.38.53:579][  0]LogDerivedDataCache: FDerivedDataBackendGraph:  CompressedPak pak cache file ../../../../../../../Games/Stratagema2/DerivedDataCache/Compressed.ddp not found, will not use a pak cache.
[2021.04.06-14.38.53:579][  0]LogDerivedDataCache: Unable to find inner node CompressedPak for hierarchical cache Hierarchy.
[2021.04.06-14.38.53:597][  0]LogDerivedDataCache:Display: Pak cache opened for reading ../../../Engine/DerivedDataCache/Compressed.ddp.
[2021.04.06-14.38.53:609][  0]LogDerivedDataCache: Using Local data cache path C:/Users/Spencer Ross Austin/AppData/Local/UnrealEngine/Common/DerivedDataCache: Writable
[2021.04.06-14.38.53:822][  0]LogInit: Selected Device Profile: [Windows]
[2021.04.06-14.38.53:825][  0]LogContentStreaming: Texture pool size is 0.00 MB
[2021.04.06-14.38.54:026][  0]LogMeshUtilities: Using QuadricMeshReduction for automatic static mesh reduction
[2021.04.06-14.38.54:073][  0]LogSimplygon: Simplygon DLL not present - disabling.
[2021.04.06-14.38.54:125][  0]LogMeshUtilities: Using SimplygonSwarm for distributed automatic mesh merging
[2021.04.06-14.38.54:125][  0]LogMeshUtilities: No automatic skeletal mesh reduction module available
[2021.04.06-14.38.54:125][  0]LogMeshUtilities: No automatic mesh merging module available
[2021.04.06-14.38.54:566][  0]LogNetVersion: GetLocalNetworkVersion: CL: 3195953, ProjectName: stratagema, ProjectVersion: , EngineNetworkVersion: 2, GameNetworkVersion: 0, NetworkChecksum: 3245294509
[2021.04.06-14.38.54:621][  0]LogAssetRegistry: FAssetRegistry took 0.0217 seconds to start up
[2021.04.06-14.38.54:663][  0]LogPackageLocalizationCache: Processed 3 localized package path(s) for 2 prioritized culture(s) in 0.020950 seconds
[2021.04.06-14.38.54:668][  0]LogUObjectArray: 31946 objects as part of root set at end of initial load.
[2021.04.06-14.38.54:668][  0]LogUObjectAllocator: 6935848 out of 0 bytes used by permanent object pool.
[2021.04.06-14.38.54:668][  0]LogUObjectArray: CloseDisregardForGC: 0/0 objects in disregard for GC pool
[2021.04.06-14.38.55:458][  0]LogSlate: Using Freetype 2.6.0
[2021.04.06-14.38.55:459][  0]LogSlate: SlateFontCache - WITH_FREETYPE: 1, WITH_HARFBUZZ: 1
[2021.04.06-14.38.55:459][  0]LogSlate: SlateFontCache - WITH_FREETYPE: 1, WITH_HARFBUZZ: 1
[2021.04.06-14.38.56:304][  0]LogTcpMessaging: Initializing TcpMessaging bridge
[2021.04.06-14.38.56:347][  0]LogUdpMessaging: Initializing bridge on interface 0.0.0.0:0 to multicast group 230.0.0.1:6666.
[2021.04.06-14.38.56:680][  0]LogMaterial: Uniform references updated for custom material expression Custom.
[2021.04.06-14.38.57:067][  0]SourceControl: Info Source control is disabled
[2021.04.06-14.38.57:069][  0]SourceControl: Info Source control is disabled
[2021.04.06-14.38.57:119][  0]SourceControl: Info Source control is disabled
[2021.04.06-14.38.57:169][  0]SourceControl: Info Source control is disabled
[2021.04.06-14.38.58:464][  0]LogEngine: Initializing Engine...
[2021.04.06-14.38.58:465][  0]LogHMD: Failed to initialize OpenVR with code 110
[2021.04.06-14.38.58:701][  0]LogAIModule: Creating AISystem for world Untitled
[2021.04.06-14.38.58:755][  0]LogInit: XAudio2 using 'Headphones (2- USB Audio Device)' : 2 channels at 48 kHz using 16 bits per sample (channel mask 0x3)
[2021.04.06-14.38.58:815][  0]LogInit: FAudioDevice initialized.
[2021.04.06-14.39.00:190][  0]LogDerivedDataCache: Saved boot cache 1.38s 50MB C:/Users/Spencer Ross Austin/AppData/Local/UnrealEngine/4.14/DerivedDataCache/Boot.ddc.
[2021.04.06-14.39.00:195][  0]LogInit: Texture streaming: Enabled
[2021.04.06-14.39.00:391][  0]LogInit: Transaction tracking system initialized
[2021.04.06-14.39.00:752][  0]BlueprintLog: New page: Editor Load
[2021.04.06-14.39.01:654][  0]LocalizationService: Info Localization service is disabled
[2021.04.06-14.39.02:484][  0]LogConsoleResponse:Display: 
[2021.04.06-14.39.02:604][  0]LogCook:Display: Max memory allowance for cook 16384mb min free memory 0mb
[2021.04.06-14.39.02:604][  0]LogCook:Display: Mobile HDR setting 1
[2021.04.06-14.39.02:752][  0]LogFileCache: Scanning file cache for directory 'D:/Games/Stratagema2/Content/' took 0.01s
[2021.04.06-14.39.03:600][  0]SourceControl: Info Source control is disabled
[2021.04.06-14.39.03:600][  0]Cmd: MAP LOAD FILE="../../../../../../../Games/Stratagema2/Content/Maps/StratagemaGame.umap" TEMPLATE=0 SHOWPROGRESS=1 FEATURELEVEL=3
[2021.04.06-14.39.03:601][  0]LightingResults: New page: Lighting Build
[2021.04.06-14.39.03:643][  0]MapCheck: New page: Map Check
[2021.04.06-14.39.03:643][  0]LightingResults: New page: Lighting Build
[2021.04.06-14.39.03:744][  0]LogProperty:Error: UStructProperty::Serialize Loading: Property 'StructProperty /Game/Blueprints/AllLevels/StratagemaSaveGame.StratagemaSaveGame_C:S_PlayerInfo'. Unknown structure.
[2021.04.06-14.39.03:744][  0]LogClass:Warning: Property S_PlayerInfo of S_PlayerInfo has a struct type mismatch (tag STRUCT_REINST_StratagemaPlayerInfo_6 != prop FallbackStruct) in package:  ../../../../../../../Games/Stratagema2/Content/Blueprints/AllLevels/StratagemaSaveGame.uasset. If that struct got renamed, add an entry to ActiveStructRedirects.
[2021.04.06-14.39.03:746][  0]LogClass:Warning: Property S_PlayerInfo of S_PlayerInfo has a struct type mismatch (tag FallbackStruct != prop StratagemaPlayerInfo) in package:  FObjectReader. If that struct got renamed, add an entry to ActiveStructRedirects.
[2021.04.06-14.39.03:751][  0]LogProperty:Error: UStructProperty::Serialize Loading: Property 'StructProperty /Game/Widgets/MainMenu/OptionsMenu.OptionsMenu_C:PlayerInformation'. Unknown structure.
[2021.04.06-14.39.03:867][  0]LogClass:Warning: Property PlayerInformation of PlayerInformation has a struct type mismatch (tag STRUCT_REINST_StratagemaPlayerInfo_6 != prop FallbackStruct) in package:  ../../../../../../../Games/Stratagema2/Content/Widgets/MainMenu/OptionsMenu.uasset. If that struct got renamed, add an entry to ActiveStructRedirects.
[2021.04.06-14.39.03:967][  0]LogClass:Warning: Property PlayerInformation of PlayerInformation has a struct type mismatch (tag FallbackStruct != prop StratagemaPlayerInfo) in package:  FObjectReader. If that struct got renamed, add an entry to ActiveStructRedirects.
[2021.04.06-14.39.04:374][  0]LogBlueprint:Warning: [GameOverWB] 'Player1Score' variable not found. Base class was probably changed.
[2021.04.06-14.39.04:374][  0]LogBlueprint:Warning: [GameOverWB] 'Player2Score' variable not found. Base class was probably changed.
[2021.04.06-14.39.04:374][  0]LogBlueprint:Warning: [GameOverWB] 'Player3Score' variable not found. Base class was probably changed.
[2021.04.06-14.39.04:619][  0]LogProperty:Error: UStructProperty::Serialize Loading: Property 'StructProperty /Game/Widgets/Lobby/ConnectedPlayer.ConnectedPlayer_C:PlayerInformation'. Unknown structure.
[2021.04.06-14.39.04:619][  0]LogClass:Warning: Property PlayerInformation of PlayerInformation has a struct type mismatch (tag STRUCT_REINST_StratagemaPlayerInfo_6 != prop FallbackStruct) in package:  ../../../../../../../Games/Stratagema2/Content/Widgets/Lobby/ConnectedPlayer.uasset. If that struct got renamed, add an entry to ActiveStructRedirects.
[2021.04.06-14.39.04:632][  0]LogClass:Warning: Property PlayerInformation of PlayerInformation has a struct type mismatch (tag FallbackStruct != prop StratagemaPlayerInfo) in package:  FObjectReader. If that struct got renamed, add an entry to ActiveStructRedirects.
[2021.04.06-14.39.04:646][  0]LogProperty:Error: UStructProperty::Serialize Loading: Property 'StructProperty /Game/Widgets/Lobby/LobbyMenu.LobbyMenu_C:UpdatePlayerWindow.IncomingPlayerInfo'. Unknown structure.
[2021.04.06-14.39.04:646][  0]LogProperty:Error: UStructProperty::Serialize Loading: Property 'StructProperty /Game/Widgets/Lobby/LobbyMenu.LobbyMenu_C:ExecuteUbergraph_LobbyMenu.K2Node_CustomEvent_IncomingPlayerInfo'. Unknown structure.
[2021.04.06-14.39.04:736][  0]LogProperty:Error: UStructProperty::Serialize Loading: Property 'StructProperty /Game/Widgets/Lobby/PlayerButton.PlayerButton_C:PlayerInfo'. Unknown structure.
[2021.04.06-14.39.04:736][  0]LogClass:Warning: Property PlayerInfo of PlayerInfo has a struct type mismatch (tag STRUCT_REINST_StratagemaPlayerInfo_6 != prop FallbackStruct) in package:  ../../../../../../../Games/Stratagema2/Content/Widgets/Lobby/PlayerButton.uasset. If that struct got renamed, add an entry to ActiveStructRedirects.
[2021.04.06-14.39.04:748][  0]LogClass:Warning: Property PlayerInfo of PlayerInfo has a struct type mismatch (tag FallbackStruct != prop StratagemaPlayerInfo) in package:  FObjectReader. If that struct got renamed, add an entry to ActiveStructRedirects.
[2021.04.06-14.39.04:786][  0]LogBlueprint:Warning: [GameSettings] 'Node/PathArray' variable not found. Base class was probably changed.
[2021.04.06-14.39.04:787][  0]LogBlueprint:Warning: [GameSettings] 'Node/PathArray' variable not found. Base class was probably changed.
[2021.04.06-14.39.05:655][  0]LogBlueprint:Warning: [GameOverWB] 'Player1Score' variable not found. Base class was probably changed.
[2021.04.06-14.39.05:655][  0]LogBlueprint:Warning: [GameOverWB] 'Player2Score' variable not found. Base class was probably changed.
[2021.04.06-14.39.05:655][  0]LogBlueprint:Warning: [GameOverWB] 'Player3Score' variable not found. Base class was probably changed.
[2021.04.06-14.39.06:693][  0]LogAIModule: Creating AISystem for world StratagemaGame
[2021.04.06-14.39.06:696][  0]LogEditorServer: Finished looking for orphan Actors (0.000 secs)
[2021.04.06-14.39.06:696][  0]Cmd: MAP CHECKDEP NOCLEARLOG
[2021.04.06-14.39.06:752][  0]MapCheck: Info Map check complete: 0 Error(s), 0 Warning(s), took 55.714ms to complete.
[2021.04.06-14.39.06:752][  0]LogFileHelpers: Loading map 'StratagemaGame' took 3.151
[2021.04.06-14.39.07:003][  0]LogCrashTracker: Crashtracker disabled due to settings.
[2021.04.06-14.39.07:044][  0]LogCollectionManager: Loaded 1 collections in 0.002033 seconds
[2021.04.06-14.39.07:124][  0]LogFileCache: Scanning file cache for directory 'D:/Games/Stratagema2/Saved/Collections/' took 0.01s
[2021.04.06-14.39.07:124][  0]LogFileCache: Scanning file cache for directory 'D:/Games/Stratagema2/Content/Developers/SpencerRossAustin/Collections/' took 0.01s
[2021.04.06-14.39.07:124][  0]LogFileCache: Scanning file cache for directory 'D:/Games/Stratagema2/Content/Collections/' took 0.01s
[2021.04.06-14.39.07:124][  0]LogCollectionManager: Rebuilt the GUID cache for 1 collections in 0.000004 seconds
[2021.04.06-14.39.07:124][  0]LogCollectionManager: Rebuilt the hierarchy cache for 1 collections in 0.000000 seconds
[2021.04.06-14.39.07:134][  0]LogContentBrowser: Native class hierarchy populated in 0.0102 seconds. Added 2191 classes and 430 folders.
[2021.04.06-14.39.07:178][  0]LogStats: UGameplayTagsManager::ConstructGameplayTagTree: Construct from data asset -  0.000 s
[2021.04.06-14.39.07:178][  0]LogStats: UGameplayTagsManager::ConstructGameplayTagTree: GameplayTagTreeChangedEvent.Broadcast -  0.000 s
[2021.04.06-14.39.07:179][  0]LogContentBrowser: Native class hierarchy updated for 'GameplayTags' in 0.0006 seconds. Added 13 classes and 0 folders.
[2021.04.06-14.39.07:242][  0]LogContentBrowser: Native class hierarchy updated for 'WidgetCarousel' in 0.0005 seconds. Added 0 classes and 0 folders.
[2021.04.06-14.39.07:291][  0]LogContentBrowser: Native class hierarchy updated for 'AddContentDialog' in 0.0005 seconds. Added 0 classes and 0 folders.
[2021.04.06-14.39.08:329][  0]LogSlate: Only BGRA pngs, bmps or icos are supported in by External Image Picker
[2021.04.06-14.39.08:377][  0]LogUObjectGlobals:Warning: Failed to find object 'Class None.'
[2021.04.06-14.39.08:679][  0]LogContentBrowser: Native class hierarchy updated for 'HierarchicalLODOutliner' in 0.0006 seconds. Added 1 classes and 2 folders.
[2021.04.06-14.39.08:680][  0]LogLoad: (Engine Initialization) Total time: 21.13 seconds
[2021.04.06-14.39.08:680][  0]LogLoad: (Engine Initialization) Total Blueprint compile time: 1.45 seconds
[2021.04.06-14.39.08:680][  0]LogExternalProfiler: Found external profiler: VSPerf
[2021.04.06-14.39.08:680][  0]LogExternalProfiler: Using external profiler: VSPerf
[2021.04.06-14.39.08:692][  0]LogOcInput: OculusInput pre-init called
[2021.04.06-14.39.08:707][  0]LogAssetRegistry: Asset discovery search completed in 14.1076 seconds
[2021.04.06-14.39.08:707][  0]LogCollectionManager: Rebuilt the object cache for 1 collections in 0.000004 seconds (found 0 objects)
[2021.04.06-14.39.08:707][  0]LogCollectionManager: Fixed up redirectors for 1 collections in 0.000016 seconds (updated 0 objects)
[2021.04.06-14.39.08:708][  0]LogContentStreaming: Texture pool size now 1000 MB
[2021.04.06-14.39.08:743][  0]LogTemp:Display: Executing iPhonePackager certificates Engine -bundlename com.YourCompany.Stratagema

[2021.04.06-14.39.08:743][  0]LogTemp:Display: CWD: D:\Programs\UE4\Epic Games\4.14\Engine\Binaries\DotNet\IOS

[2021.04.06-14.39.08:743][  0]LogTemp:Display: Initial Dir: D:\Programs\UE4\Epic Games\4.14

[2021.04.06-14.39.08:743][  0]LogTemp:Display: Env CWD: D:\Programs\UE4\Epic Games\4.14\Engine\Binaries\DotNet\IOS

[2021.04.06-14.39.08:743][  0]LogTemp:Display: BranchPath = WORKMACHINE/D/Programs/UE4/Epic Games/4.14/Engine/Binaries --- GameBranchPath = WORKMACHINE/D/Programs/UE4/Epic Games/4.14/Engine/Binaries

[2021.04.06-14.39.08:743][  0]LogTemp:Display: IPP ERROR: Application exception: System.IO.DirectoryNotFoundException: Could not find a part of the path 'C:\Users\Spencer Ross Austin\AppData\Local\Apple Computer\MobileDevice\Provisioning Profiles'.

[2021.04.06-14.39.08:743][  0]LogTemp:Display:    at System.IO.__Error.WinIOError(Int32 errorCode, String maybeFullPath)

[2021.04.06-14.39.08:743][  0]LogTemp:Display:    at System.IO.FileSystemEnumerableIterator`1.CommonInit()

[2021.04.06-14.39.08:743][  0]LogTemp:Display:    at System.IO.FileSystemEnumerableIterator`1..ctor(String path, String originalUserPath, String searchPattern, SearchOption searchOption, SearchResultHandler`1 resultHandler, Boolean checkHost)

[2021.04.06-14.39.08:743][  0]LogTemp:Display:    at System.IO.Directory.EnumerateFiles(String path, String searchPattern)

[2021.04.06-14.39.08:743][  0]LogTemp:Display:    at iPhonePackager.CodeSignatureBuilder.FindProvisions(String CFBundleIdentifier)

[2021.04.06-14.39.08:743][  0]LogTemp:Display:    at iPhonePackager.Program.Main(String[] args)

[2021.04.06-14.39.08:837][  0]LogRenderer: Reallocating scene render targets to support 1916x904 NumSamples 1 (Frame:2).
[2021.04.06-14.41.03:105][835]LogSourceControl:Error: '../../../../../../../Games/Stratagema2/' is not part of a Git repository
[2021.04.06-14.41.03:175][843]SourceControl:Error: Error fatal: not a git repository: 'D:/Games/Stratagema2/.git'
[2021.04.06-14.41.03:176][843]SourceControl:Error: Error Failed to enable Git source control. You need to initialize the project as a Git repository first.
[2021.04.06-14.42.19:942][665]SourceControl:Error: Error fatal: not a git repository: 'D:/Games/Stratagema2/.git'
[2021.04.06-14.42.19:942][665]SourceControl:Error: Error Failed to enable Git source control. You need to initialize the project as a Git repository first.
[2021.04.06-14.45.11:895][445]SourceControl:Error: Error fatal: not a git repository: 'D:/Games/Stratagema2/.git'
[2021.04.06-14.45.11:895][445]SourceControl:Error: Error Failed to enable Git source control. You need to initialize the project as a Git repository first.
[2021.04.06-15.22.32:985][476]SourceControl: Info On branch master
[2021.04.06-15.22.32:985][476]SourceControl: Info No commits yet
[2021.04.06-15.22.32:985][476]SourceControl: Info Untracked files:
[2021.04.06-15.22.32:985][476]SourceControl: Info   (use "git add <file>..." to include in what will be committed)
[2021.04.06-15.22.32:985][476]SourceControl: Info 	.gitattributes
[2021.04.06-15.22.32:985][476]SourceControl: Info 	Assets-Work.skb
[2021.04.06-15.22.32:985][476]SourceControl: Info 	Assets-Work.skp
[2021.04.06-15.22.32:985][476]SourceControl: Info 	Assets.skb
[2021.04.06-15.22.32:985][476]SourceControl: Info 	Assets.skp
[2021.04.06-15.22.32:985][476]SourceControl: Info 	BUILD/
[2021.04.06-15.22.32:985][476]SourceControl: Info 	CONFIG/
[2021.04.06-15.22.32:985][476]SourceControl: Info 	CONTENT/
[2021.04.06-15.22.32:985][476]SourceControl: Info 	Cube-Work.fbx
[2021.04.06-15.22.32:985][476]SourceControl: Info 	Cube.fbx
[2021.04.06-15.22.32:985][476]SourceControl: Info 	GitHub/
[2021.04.06-15.22.32:985][476]SourceControl: Info 	Intermediate/
[2021.04.06-15.22.32:985][476]SourceControl: Info 	Position1.png
[2021.04.06-15.22.32:985][476]SourceControl: Info 	Position2.png
[2021.04.06-15.22.32:985][476]SourceControl: Info 	Position3.png
[2021.04.06-15.22.32:985][476]SourceControl: Info 	SAVED/
[2021.04.06-15.22.32:985][476]SourceControl: Info 	Square-Work.FBX
[2021.04.06-15.22.32:985][476]SourceControl: Info 	Square.FBX
[2021.04.06-15.22.32:985][476]SourceControl: Info 	SteamLogo.png
[2021.04.06-15.22.32:985][476]SourceControl: Info 	Stratagema.png
[2021.04.06-15.22.32:985][476]SourceControl: Info 	Stratagema.uproject
[2021.04.06-15.22.32:985][476]SourceControl: Info 	SyncToy_0bcf67b0-211c-43d9-ae87-58920f6f9f19.dat
[2021.04.06-15.22.32:985][476]SourceControl: Info 	Thumbs.db
[2021.04.06-15.22.32:985][476]SourceControl: Info nothing added to commit but untracked files present (use "git add" to track)
[2021.04.06-15.22.44:752][861]SourceControl: Info On branch master
[2021.04.06-15.22.44:752][861]SourceControl: Info No commits yet
[2021.04.06-15.22.44:752][861]SourceControl: Info Untracked files:
[2021.04.06-15.22.44:752][861]SourceControl: Info   (use "git add <file>..." to include in what will be committed)
[2021.04.06-15.22.44:752][861]SourceControl: Info 	.gitattributes
[2021.04.06-15.22.44:752][861]SourceControl: Info 	Assets-Work.skb
[2021.04.06-15.22.44:752][861]SourceControl: Info 	Assets-Work.skp
[2021.04.06-15.22.44:752][861]SourceControl: Info 	Assets.skb
[2021.04.06-15.22.44:752][861]SourceControl: Info 	Assets.skp
[2021.04.06-15.22.44:752][861]SourceControl: Info 	BUILD/
[2021.04.06-15.22.44:752][861]SourceControl: Info 	CONFIG/
[2021.04.06-15.22.44:752][861]SourceControl: Info 	CONTENT/
[2021.04.06-15.22.44:752][861]SourceControl: Info 	Cube-Work.fbx
[2021.04.06-15.22.44:752][861]SourceControl: Info 	Cube.fbx
[2021.04.06-15.22.44:752][861]SourceControl: Info 	GitHub/
[2021.04.06-15.22.44:752][861]SourceControl: Info 	Intermediate/
[2021.04.06-15.22.44:752][861]SourceControl: Info 	Position1.png
[2021.04.06-15.22.44:752][861]SourceControl: Info 	Position2.png
[2021.04.06-15.22.44:752][861]SourceControl: Info 	Position3.png
[2021.04.06-15.22.44:752][861]SourceControl: Info 	SAVED/
[2021.04.06-15.22.44:752][861]SourceControl: Info 	Square-Work.FBX
[2021.04.06-15.22.44:752][861]SourceControl: Info 	Square.FBX
[2021.04.06-15.22.44:752][861]SourceControl: Info 	SteamLogo.png
[2021.04.06-15.22.44:752][861]SourceControl: Info 	Stratagema.png
[2021.04.06-15.22.44:752][861]SourceControl: Info 	Stratagema.uproject
[2021.04.06-15.22.44:752][861]SourceControl: Info 	SyncToy_0bcf67b0-211c-43d9-ae87-58920f6f9f19.dat
[2021.04.06-15.22.44:752][861]SourceControl: Info 	Thumbs.db
[2021.04.06-15.22.44:752][861]SourceControl: Info nothing added to commit but untracked files present (use "git add" to track)
